Using pre-set license
Built from '2021.3/staging' branch; Version is '2021.3.6f1 (7da38d85baf6) revision 8233869'; Using compiler version '192829333'; Build Type 'Release'
OS: 'Windows 10  (10.0.19044) 64bit Professional' Language: 'es' Physical Memory: 65327 MB
BatchMode: 1, IsHumanControllingUs: 0, StartBugReporterOnCrash: 0, Is64bit: 1, IsPro: 1

COMMAND LINE ARGUMENTS:
D:\Program Files\Unity\Hub\Editor\2021.3.6f1\Editor\Unity.exe
-adb2
-batchMode
-noUpm
-name
AssetImportWorker2
-projectPath
D:/Proyectos/Depressive-Symptoms/Depressive Symptoms Game
-logFile
Logs/AssetImportWorker2.log
-srvPort
60985
Successfully changed project path to: D:/Proyectos/Depressive-Symptoms/Depressive Symptoms Game
D:/Proyectos/Depressive-Symptoms/Depressive Symptoms Game
[UnityMemory] Configuration Parameters - Can be set up in boot.config
    "memorysetup-bucket-allocator-granularity=16"
    "memorysetup-bucket-allocator-bucket-count=8"
    "memorysetup-bucket-allocator-block-size=33554432"
    "memorysetup-bucket-allocator-block-count=8"
    "memorysetup-main-allocator-block-size=16777216"
    "memorysetup-thread-allocator-block-size=16777216"
    "memorysetup-gfx-main-allocator-block-size=16777216"
    "memorysetup-gfx-thread-allocator-block-size=16777216"
    "memorysetup-cache-allocator-block-size=4194304"
    "memorysetup-typetree-allocator-block-size=2097152"
    "memorysetup-profiler-bucket-allocator-granularity=16"
    "memorysetup-profiler-bucket-allocator-bucket-count=8"
    "memorysetup-profiler-bucket-allocator-block-size=33554432"
    "memorysetup-profiler-bucket-allocator-block-count=8"
    "memorysetup-profiler-allocator-block-size=16777216"
    "memorysetup-profiler-editor-allocator-block-size=1048576"
    "memorysetup-temp-allocator-size-main=16777216"
    "memorysetup-job-temp-allocator-block-size=2097152"
    "memorysetup-job-temp-allocator-block-size-background=1048576"
    "memorysetup-job-temp-allocator-reduction-small-platforms=262144"
    "memorysetup-temp-allocator-size-background-worker=32768"
    "memorysetup-temp-allocator-size-job-worker=262144"
    "memorysetup-temp-allocator-size-preload-manager=33554432"
    "memorysetup-temp-allocator-size-nav-mesh-worker=65536"
    "memorysetup-temp-allocator-size-audio-worker=65536"
    "memorysetup-temp-allocator-size-cloud-worker=32768"
    "memorysetup-temp-allocator-size-gi-baking-worker=262144"
    "memorysetup-temp-allocator-size-gfx=262144"
Refreshing native plugins compatible for Editor in 47.72 ms, found 3 plugins.
Preloading 0 native plugins for Editor in 0.00 ms.
Initialize engine version: 2021.3.6f1 (7da38d85baf6)
[Subsystems] Discovering subsystems at path D:/Program Files/Unity/Hub/Editor/2021.3.6f1/Editor/Data/Resources/UnitySubsystems
[Subsystems] Discovering subsystems at path D:/Proyectos/Depressive-Symptoms/Depressive Symptoms Game/Assets
GfxDevice: creating device client; threaded=0; jobified=0
Direct3D:
    Version:  Direct3D 11.0 [level 11.1]
    Renderer: NVIDIA GeForce RTX 3090 Ti (ID=0x2203)
    Vendor:   NVIDIA
    VRAM:     24336 MB
    Driver:   31.0.15.1694
Initialize mono
Mono path[0] = 'D:/Program Files/Unity/Hub/Editor/2021.3.6f1/Editor/Data/Managed'
Mono path[1] = 'D:/Program Files/Unity/Hub/Editor/2021.3.6f1/Editor/Data/MonoBleedingEdge/lib/mono/unityjit-win32'
Mono config path = 'D:/Program Files/Unity/Hub/Editor/2021.3.6f1/Editor/Data/MonoBleedingEdge/etc'
Using monoOptions --debugger-agent=transport=dt_socket,embedding=1,server=y,suspend=n,address=127.0.0.1:56848
Begin MonoManager ReloadAssembly
Registering precompiled unity dll's ...
Register platform support module: D:/Program Files/Unity/Hub/Editor/2021.3.6f1/Editor/Data/PlaybackEngines/WebGLSupport/UnityEditor.WebGL.Extensions.dll
Register platform support module: D:/Program Files/Unity/Hub/Editor/2021.3.6f1/Editor/Data/PlaybackEngines/WindowsStandaloneSupport/UnityEditor.WindowsStandalone.Extensions.dll
Registered in 0.004162 seconds.
Native extension for WindowsStandalone target not found
Native extension for WebGL target not found
Refreshing native plugins compatible for Editor in 43.75 ms, found 3 plugins.
Preloading 0 native plugins for Editor in 0.00 ms.
Mono: successfully reloaded assembly
- Completed reload, in  0.586 seconds
Domain Reload Profiling:
	ReloadAssembly (586ms)
		BeginReloadAssembly (67ms)
			ExecutionOrderSort (0ms)
			DisableScriptedObjects (0ms)
			BackupInstance (0ms)
			ReleaseScriptingObjects (0ms)
			CreateAndSetChildDomain (1ms)
		EndReloadAssembly (416ms)
			LoadAssemblies (66ms)
			RebuildTransferFunctionScriptingTraits (0ms)
			SetupTypeCache (104ms)
			ReleaseScriptCaches (0ms)
			RebuildScriptCaches (30ms)
			SetupLoadedEditorAssemblies (231ms)
				LogAssemblyErrors (0ms)
				InitializePlatformSupportModulesInManaged (9ms)
				SetLoadedEditorAssemblies (0ms)
				RefreshPlugins (44ms)
				BeforeProcessingInitializeOnLoad (1ms)
				ProcessInitializeOnLoadAttributes (129ms)
				ProcessInitializeOnLoadMethodAttributes (48ms)
				AfterProcessingInitializeOnLoad (0ms)
				EditorAssembliesLoaded (0ms)
			ExecutionOrderSort2 (0ms)
			AwakeInstancesAfterBackupRestoration (0ms)
Platform modules already initialized, skipping
Registering precompiled user dll's ...
Registered in 0.006079 seconds.
Begin MonoManager ReloadAssembly
Native extension for WindowsStandalone target not found
Native extension for WebGL target not found
Refreshing native plugins compatible for Editor in 45.14 ms, found 3 plugins.
Preloading 0 native plugins for Editor in 0.00 ms.
Mono: successfully reloaded assembly
- Completed reload, in  0.982 seconds
Domain Reload Profiling:
	ReloadAssembly (983ms)
		BeginReloadAssembly (96ms)
			ExecutionOrderSort (0ms)
			DisableScriptedObjects (6ms)
			BackupInstance (0ms)
			ReleaseScriptingObjects (0ms)
			CreateAndSetChildDomain (17ms)
		EndReloadAssembly (775ms)
			LoadAssemblies (72ms)
			RebuildTransferFunctionScriptingTraits (0ms)
			SetupTypeCache (199ms)
			ReleaseScriptCaches (0ms)
			RebuildScriptCaches (53ms)
			SetupLoadedEditorAssemblies (393ms)
				LogAssemblyErrors (0ms)
				InitializePlatformSupportModulesInManaged (5ms)
				SetLoadedEditorAssemblies (0ms)
				RefreshPlugins (45ms)
				BeforeProcessingInitializeOnLoad (70ms)
				ProcessInitializeOnLoadAttributes (220ms)
				ProcessInitializeOnLoadMethodAttributes (50ms)
				AfterProcessingInitializeOnLoad (3ms)
				EditorAssembliesLoaded (0ms)
			ExecutionOrderSort2 (0ms)
			AwakeInstancesAfterBackupRestoration (7ms)
Platform modules already initialized, skipping
========================================================================
Worker process is ready to serve import requests
Launched and connected shader compiler UnityShaderCompiler.exe after 0.08 seconds
Refreshing native plugins compatible for Editor in 0.42 ms, found 3 plugins.
Preloading 0 native plugins for Editor in 0.00 ms.
Unloading 2564 Unused Serialized files (Serialized files now loaded: 0)
Unloading 32 unused Assets / (30.2 KB). Loaded Objects now: 3047.
Memory consumption went from 132.4 MB to 132.4 MB.
Total: 2.864800 ms (FindLiveObjects: 0.155400 ms CreateObjectMapping: 0.070000 ms MarkObjects: 2.613700 ms  DeleteObjects: 0.024800 ms)

AssetImportParameters requested are different than current active one (requested -> active):
  custom:video-decoder-ogg-theora: a1e56fd34408186e4bbccfd4996cb3dc -> 
  custom:container-muxer-webm: aa71ff27fc2769a1b78a27578f13a17b -> 
  custom:container-demuxer-webm: 4f35f7cbe854078d1ac9338744f61a02 -> 
  custom:video-encoder-webm-vp8: eb34c28f22e8b96e1ab97ce403110664 -> 
  custom:audio-encoder-webm-vorbis: bf7c407c2cedff20999df2af8eb42d56 -> 
  custom:framework-win-MediaFoundation: 216162199b28c13a410421893ffa2e32 -> 
  custom:container-demuxer-ogg: 62fdf1f143b41e24485cea50d1cbac27 -> 
  custom:video-decoder-webm-vp8: 9c59270c3fd7afecdb556c50c9e8de78 -> 
  custom:audio-decoder-ogg-vorbis: bf7c407c2cedff20999df2af8eb42d56 -> 
========================================================================
Received Import Request.
  Time since last request: 747971.557733 seconds.
  path: Assets/Sprites/Parque/Muro baño.png
  artifactKey: Guid(db4df6c52c7de924ca2193b664c440d8) Importer(815301076,1909f56bfc062723c751e8b465ee728b)
Start importing Assets/Sprites/Parque/Muro baño.png using Guid(db4df6c52c7de924ca2193b664c440d8) Importer(815301076,1909f56bfc062723c751e8b465ee728b)  -> (artifact id: '0c297e6e2d62c2b6d164fbb9ecc8410d') in 0.183956 seconds 
========================================================================
Received Import Request.
  Time since last request: 0.000033 seconds.
  path: Assets/Sprites/Parque/nube cercana.png
  artifactKey: Guid(bbd5ef8384eb6c241b595d7cbe54fae6) Importer(815301076,1909f56bfc062723c751e8b465ee728b)
Start importing Assets/Sprites/Parque/nube cercana.png using Guid(bbd5ef8384eb6c241b595d7cbe54fae6) Importer(815301076,1909f56bfc062723c751e8b465ee728b)  -> (artifact id: '0e9ebd71dd376b28d71a1f7c9232af8d') in 0.017309 seconds 
========================================================================
Received Import Request.
  Time since last request: 0.000021 seconds.
  path: Assets/Sprites/Parque/arbusto lejano 2.png
  artifactKey: Guid(9c0abbcc197fabd4492c8c5344396ce7) Importer(815301076,1909f56bfc062723c751e8b465ee728b)
Start importing Assets/Sprites/Parque/arbusto lejano 2.png using Guid(9c0abbcc197fabd4492c8c5344396ce7) Importer(815301076,1909f56bfc062723c751e8b465ee728b)  -> (artifact id: '75f90e0d09ea691975ac21fa6ecf1cc4') in 0.013446 seconds 
========================================================================
Received Import Request.
  Time since last request: 0.101761 seconds.
  path: Assets/Sprites/Parque/Baño/Cubiculo.png
  artifactKey: Guid(d9eb6a27b508c4c478ac960b1dd7be20) Importer(815301076,1909f56bfc062723c751e8b465ee728b)
Start importing Assets/Sprites/Parque/Baño/Cubiculo.png using Guid(d9eb6a27b508c4c478ac960b1dd7be20) Importer(815301076,1909f56bfc062723c751e8b465ee728b)  -> (artifact id: '394ff5f5352144aced4109dd4ed854b5') in 0.035520 seconds 
========================================================================
Received Import Request.
  Time since last request: 4.860359 seconds.
  path: Assets/Sprites/Oficina/Area de trabajo concepto.png
  artifactKey: Guid(6c0cf6da580da174893edc3a3eba5c61) Importer(815301076,1909f56bfc062723c751e8b465ee728b)
Start importing Assets/Sprites/Oficina/Area de trabajo concepto.png using Guid(6c0cf6da580da174893edc3a3eba5c61) Importer(815301076,1909f56bfc062723c751e8b465ee728b)  -> (artifact id: '2862532937a0ab0adaf997c49ab9a18e') in 0.072577 seconds 
========================================================================
Received Import Request.
  Time since last request: 0.000021 seconds.
  path: Assets/Sprites/Oficina/escritorio 2.png
  artifactKey: Guid(d8d9df710cc23cd45b73b12a9cfddf92) Importer(815301076,1909f56bfc062723c751e8b465ee728b)
Start importing Assets/Sprites/Oficina/escritorio 2.png using Guid(d8d9df710cc23cd45b73b12a9cfddf92) Importer(815301076,1909f56bfc062723c751e8b465ee728b)  -> (artifact id: '8e37410a680b9ebbc286807a5ec3319c') in 0.050252 seconds 
========================================================================
Received Import Request.
  Time since last request: 0.000033 seconds.
  path: Assets/Sprites/Oficina/ventana laboral.png
  artifactKey: Guid(9a193b84505a0c24f805954582c21ed7) Importer(815301076,1909f56bfc062723c751e8b465ee728b)
Start importing Assets/Sprites/Oficina/ventana laboral.png using Guid(9a193b84505a0c24f805954582c21ed7) Importer(815301076,1909f56bfc062723c751e8b465ee728b)  -> (artifact id: '71dcda83db1d0b330a40d4638e73cfed') in 0.054932 seconds 
========================================================================
Received Import Request.
  Time since last request: 0.897853 seconds.
  path: Assets/Sprites/Oficina/Baño/baño ver2.png
  artifactKey: Guid(9e76242efe59b7a4a92353fec092a42a) Importer(815301076,1909f56bfc062723c751e8b465ee728b)
Start importing Assets/Sprites/Oficina/Baño/baño ver2.png using Guid(9e76242efe59b7a4a92353fec092a42a) Importer(815301076,1909f56bfc062723c751e8b465ee728b)  -> (artifact id: '683b7cfb1ec9884c9b1c9b605438e4c5') in 0.140153 seconds 
========================================================================
Received Import Request.
  Time since last request: 2.592016 seconds.
  path: Assets/Sprites/Discoteca/Bar.png
  artifactKey: Guid(f8d8098af5f1bc54c82bc89921180d57) Importer(815301076,1909f56bfc062723c751e8b465ee728b)
Start importing Assets/Sprites/Discoteca/Bar.png using Guid(f8d8098af5f1bc54c82bc89921180d57) Importer(815301076,1909f56bfc062723c751e8b465ee728b)  -> (artifact id: 'c9fff909737267874fdbe8df6713c733') in 0.057129 seconds 
========================================================================
Received Import Request.
  Time since last request: 0.000024 seconds.
  path: Assets/Sprites/Discoteca/Luz de baño.png
  artifactKey: Guid(05c9152824abc8d45ba6cff2f2d64826) Importer(815301076,1909f56bfc062723c751e8b465ee728b)
Start importing Assets/Sprites/Discoteca/Luz de baño.png using Guid(05c9152824abc8d45ba6cff2f2d64826) Importer(815301076,1909f56bfc062723c751e8b465ee728b)  -> (artifact id: 'b31564b0ddf9b5407ddf4eb3c72ee04f') in 0.053036 seconds 
========================================================================
Received Import Request.
  Time since last request: 1.663959 seconds.
  path: Assets/Sprites/Discoteca/Baño/conjunto de sisterna.png
  artifactKey: Guid(fcb28ff8da38e7a4b809f03a65204a2b) Importer(815301076,1909f56bfc062723c751e8b465ee728b)
Start importing Assets/Sprites/Discoteca/Baño/conjunto de sisterna.png using Guid(fcb28ff8da38e7a4b809f03a65204a2b) Importer(815301076,1909f56bfc062723c751e8b465ee728b)  -> (artifact id: 'fdbbe104fdcb5888443eb01bd1859795') in 0.029532 seconds 
========================================================================
Received Import Request.
  Time since last request: 0.000017 seconds.
  path: Assets/Sprites/Discoteca/Baño/Puerta baño.png
  artifactKey: Guid(72ff3dd5277ac484d9efdc45c8e7c3c8) Importer(815301076,1909f56bfc062723c751e8b465ee728b)
Start importing Assets/Sprites/Discoteca/Baño/Puerta baño.png using Guid(72ff3dd5277ac484d9efdc45c8e7c3c8) Importer(815301076,1909f56bfc062723c751e8b465ee728b)  -> (artifact id: 'c6f35c9fae568d5c540f4231a7496d0b') in 0.047546 seconds 
