Using pre-set license
Built from '2021.3/staging' branch; Version is '2021.3.6f1 (7da38d85baf6) revision 8233869'; Using compiler version '192829333'; Build Type 'Release'
OS: 'Windows 10  (10.0.19044) 64bit Professional' Language: 'es' Physical Memory: 65327 MB
BatchMode: 1, IsHumanControllingUs: 0, StartBugReporterOnCrash: 0, Is64bit: 1, IsPro: 1

COMMAND LINE ARGUMENTS:
D:\Program Files\Unity\Hub\Editor\2021.3.6f1\Editor\Unity.exe
-adb2
-batchMode
-noUpm
-name
AssetImportWorker1
-projectPath
D:/Proyectos/Depressive-Symptoms/Depressive Symptoms Game
-logFile
Logs/AssetImportWorker1.log
-srvPort
60985
Successfully changed project path to: D:/Proyectos/Depressive-Symptoms/Depressive Symptoms Game
D:/Proyectos/Depressive-Symptoms/Depressive Symptoms Game
[UnityMemory] Configuration Parameters - Can be set up in boot.config
    "memorysetup-bucket-allocator-granularity=16"
    "memorysetup-bucket-allocator-bucket-count=8"
    "memorysetup-bucket-allocator-block-size=33554432"
    "memorysetup-bucket-allocator-block-count=8"
    "memorysetup-main-allocator-block-size=16777216"
    "memorysetup-thread-allocator-block-size=16777216"
    "memorysetup-gfx-main-allocator-block-size=16777216"
    "memorysetup-gfx-thread-allocator-block-size=16777216"
    "memorysetup-cache-allocator-block-size=4194304"
    "memorysetup-typetree-allocator-block-size=2097152"
    "memorysetup-profiler-bucket-allocator-granularity=16"
    "memorysetup-profiler-bucket-allocator-bucket-count=8"
    "memorysetup-profiler-bucket-allocator-block-size=33554432"
    "memorysetup-profiler-bucket-allocator-block-count=8"
    "memorysetup-profiler-allocator-block-size=16777216"
    "memorysetup-profiler-editor-allocator-block-size=1048576"
    "memorysetup-temp-allocator-size-main=16777216"
    "memorysetup-job-temp-allocator-block-size=2097152"
    "memorysetup-job-temp-allocator-block-size-background=1048576"
    "memorysetup-job-temp-allocator-reduction-small-platforms=262144"
    "memorysetup-temp-allocator-size-background-worker=32768"
    "memorysetup-temp-allocator-size-job-worker=262144"
    "memorysetup-temp-allocator-size-preload-manager=33554432"
    "memorysetup-temp-allocator-size-nav-mesh-worker=65536"
    "memorysetup-temp-allocator-size-audio-worker=65536"
    "memorysetup-temp-allocator-size-cloud-worker=32768"
    "memorysetup-temp-allocator-size-gi-baking-worker=262144"
    "memorysetup-temp-allocator-size-gfx=262144"
Refreshing native plugins compatible for Editor in 47.89 ms, found 3 plugins.
Preloading 0 native plugins for Editor in 0.00 ms.
Initialize engine version: 2021.3.6f1 (7da38d85baf6)
[Subsystems] Discovering subsystems at path D:/Program Files/Unity/Hub/Editor/2021.3.6f1/Editor/Data/Resources/UnitySubsystems
[Subsystems] Discovering subsystems at path D:/Proyectos/Depressive-Symptoms/Depressive Symptoms Game/Assets
GfxDevice: creating device client; threaded=0; jobified=0
Direct3D:
    Version:  Direct3D 11.0 [level 11.1]
    Renderer: NVIDIA GeForce RTX 3090 Ti (ID=0x2203)
    Vendor:   NVIDIA
    VRAM:     24336 MB
    Driver:   31.0.15.1694
Initialize mono
Mono path[0] = 'D:/Program Files/Unity/Hub/Editor/2021.3.6f1/Editor/Data/Managed'
Mono path[1] = 'D:/Program Files/Unity/Hub/Editor/2021.3.6f1/Editor/Data/MonoBleedingEdge/lib/mono/unityjit-win32'
Mono config path = 'D:/Program Files/Unity/Hub/Editor/2021.3.6f1/Editor/Data/MonoBleedingEdge/etc'
Using monoOptions --debugger-agent=transport=dt_socket,embedding=1,server=y,suspend=n,address=127.0.0.1:56684
Begin MonoManager ReloadAssembly
Registering precompiled unity dll's ...
Register platform support module: D:/Program Files/Unity/Hub/Editor/2021.3.6f1/Editor/Data/PlaybackEngines/WebGLSupport/UnityEditor.WebGL.Extensions.dll
Register platform support module: D:/Program Files/Unity/Hub/Editor/2021.3.6f1/Editor/Data/PlaybackEngines/WindowsStandaloneSupport/UnityEditor.WindowsStandalone.Extensions.dll
Registered in 0.004691 seconds.
Native extension for WindowsStandalone target not found
Native extension for WebGL target not found
Refreshing native plugins compatible for Editor in 44.50 ms, found 3 plugins.
Preloading 0 native plugins for Editor in 0.00 ms.
Mono: successfully reloaded assembly
- Completed reload, in  0.606 seconds
Domain Reload Profiling:
	ReloadAssembly (606ms)
		BeginReloadAssembly (81ms)
			ExecutionOrderSort (0ms)
			DisableScriptedObjects (0ms)
			BackupInstance (0ms)
			ReleaseScriptingObjects (0ms)
			CreateAndSetChildDomain (1ms)
		EndReloadAssembly (420ms)
			LoadAssemblies (81ms)
			RebuildTransferFunctionScriptingTraits (0ms)
			SetupTypeCache (106ms)
			ReleaseScriptCaches (0ms)
			RebuildScriptCaches (34ms)
			SetupLoadedEditorAssemblies (229ms)
				LogAssemblyErrors (0ms)
				InitializePlatformSupportModulesInManaged (9ms)
				SetLoadedEditorAssemblies (0ms)
				RefreshPlugins (45ms)
				BeforeProcessingInitializeOnLoad (1ms)
				ProcessInitializeOnLoadAttributes (126ms)
				ProcessInitializeOnLoadMethodAttributes (48ms)
				AfterProcessingInitializeOnLoad (0ms)
				EditorAssembliesLoaded (0ms)
			ExecutionOrderSort2 (0ms)
			AwakeInstancesAfterBackupRestoration (0ms)
Platform modules already initialized, skipping
Registering precompiled user dll's ...
Registered in 0.005855 seconds.
Begin MonoManager ReloadAssembly
Native extension for WindowsStandalone target not found
Native extension for WebGL target not found
Refreshing native plugins compatible for Editor in 43.57 ms, found 3 plugins.
Preloading 0 native plugins for Editor in 0.00 ms.
Mono: successfully reloaded assembly
- Completed reload, in  0.996 seconds
Domain Reload Profiling:
	ReloadAssembly (997ms)
		BeginReloadAssembly (109ms)
			ExecutionOrderSort (0ms)
			DisableScriptedObjects (6ms)
			BackupInstance (0ms)
			ReleaseScriptingObjects (0ms)
			CreateAndSetChildDomain (18ms)
		EndReloadAssembly (774ms)
			LoadAssemblies (73ms)
			RebuildTransferFunctionScriptingTraits (0ms)
			SetupTypeCache (202ms)
			ReleaseScriptCaches (0ms)
			RebuildScriptCaches (53ms)
			SetupLoadedEditorAssemblies (393ms)
				LogAssemblyErrors (0ms)
				InitializePlatformSupportModulesInManaged (5ms)
				SetLoadedEditorAssemblies (0ms)
				RefreshPlugins (44ms)
				BeforeProcessingInitializeOnLoad (69ms)
				ProcessInitializeOnLoadAttributes (223ms)
				ProcessInitializeOnLoadMethodAttributes (48ms)
				AfterProcessingInitializeOnLoad (4ms)
				EditorAssembliesLoaded (0ms)
			ExecutionOrderSort2 (0ms)
			AwakeInstancesAfterBackupRestoration (7ms)
Platform modules already initialized, skipping
========================================================================
Worker process is ready to serve import requests
Launched and connected shader compiler UnityShaderCompiler.exe after 0.07 seconds
Refreshing native plugins compatible for Editor in 0.43 ms, found 3 plugins.
Preloading 0 native plugins for Editor in 0.00 ms.
Unloading 2564 Unused Serialized files (Serialized files now loaded: 0)
Unloading 32 unused Assets / (30.2 KB). Loaded Objects now: 3047.
Memory consumption went from 132.4 MB to 132.4 MB.
Total: 2.259000 ms (FindLiveObjects: 0.146800 ms CreateObjectMapping: 0.051100 ms MarkObjects: 2.036000 ms  DeleteObjects: 0.024400 ms)

AssetImportParameters requested are different than current active one (requested -> active):
  custom:video-decoder-ogg-theora: a1e56fd34408186e4bbccfd4996cb3dc -> 
  custom:container-muxer-webm: aa71ff27fc2769a1b78a27578f13a17b -> 
  custom:container-demuxer-webm: 4f35f7cbe854078d1ac9338744f61a02 -> 
  custom:video-encoder-webm-vp8: eb34c28f22e8b96e1ab97ce403110664 -> 
  custom:audio-encoder-webm-vorbis: bf7c407c2cedff20999df2af8eb42d56 -> 
  custom:framework-win-MediaFoundation: 216162199b28c13a410421893ffa2e32 -> 
  custom:container-demuxer-ogg: 62fdf1f143b41e24485cea50d1cbac27 -> 
  custom:video-decoder-webm-vp8: 9c59270c3fd7afecdb556c50c9e8de78 -> 
  custom:audio-decoder-ogg-vorbis: bf7c407c2cedff20999df2af8eb42d56 -> 
========================================================================
Received Import Request.
  Time since last request: 747971.546667 seconds.
  path: Assets/Sprites/Parque/arbusto leejano.png
  artifactKey: Guid(c7dcab4e16616ec43a032654322cc095) Importer(815301076,1909f56bfc062723c751e8b465ee728b)
Start importing Assets/Sprites/Parque/arbusto leejano.png using Guid(c7dcab4e16616ec43a032654322cc095) Importer(815301076,1909f56bfc062723c751e8b465ee728b)  -> (artifact id: 'f2bb67ea25347f093d1c32b1e24a26a8') in 0.076791 seconds 
========================================================================
Received Import Request.
  Time since last request: 0.000019 seconds.
  path: Assets/Sprites/Parque/farol.png
  artifactKey: Guid(b212ed6689e99d54daaf93eefb068275) Importer(815301076,1909f56bfc062723c751e8b465ee728b)
Start importing Assets/Sprites/Parque/farol.png using Guid(b212ed6689e99d54daaf93eefb068275) Importer(815301076,1909f56bfc062723c751e8b465ee728b)  -> (artifact id: '42bda9c4d6650f19460c8537021b67a3') in 0.019875 seconds 
========================================================================
Received Import Request.
  Time since last request: 0.000033 seconds.
  path: Assets/Sprites/Parque/arbusto.png
  artifactKey: Guid(9184f157d70dd334583ed9e4e3e6c2af) Importer(815301076,1909f56bfc062723c751e8b465ee728b)
Start importing Assets/Sprites/Parque/arbusto.png using Guid(9184f157d70dd334583ed9e4e3e6c2af) Importer(815301076,1909f56bfc062723c751e8b465ee728b)  -> (artifact id: '67b08420d4a54b79cfbd6efdc5844c1e') in 0.021357 seconds 
========================================================================
Received Import Request.
  Time since last request: 0.000018 seconds.
  path: Assets/Sprites/Parque/Arbol 1.png
  artifactKey: Guid(3aa564c920ae14a4a97eac6661e522c5) Importer(815301076,1909f56bfc062723c751e8b465ee728b)
Start importing Assets/Sprites/Parque/Arbol 1.png using Guid(3aa564c920ae14a4a97eac6661e522c5) Importer(815301076,1909f56bfc062723c751e8b465ee728b)  -> (artifact id: '83965090744587d5b63c1f46274d92e3') in 0.020132 seconds 
========================================================================
Received Import Request.
  Time since last request: 0.000016 seconds.
  path: Assets/Sprites/Parque/Puerta baño 2.png
  artifactKey: Guid(bc806fcf27bf5e04f90261872a574603) Importer(815301076,1909f56bfc062723c751e8b465ee728b)
Start importing Assets/Sprites/Parque/Puerta baño 2.png using Guid(bc806fcf27bf5e04f90261872a574603) Importer(815301076,1909f56bfc062723c751e8b465ee728b)  -> (artifact id: '32fde6112534f60f2001e5a82476234f') in 0.017227 seconds 
========================================================================
Received Import Request.
  Time since last request: 0.000014 seconds.
  path: Assets/Sprites/Parque/ciudad parte 4.png
  artifactKey: Guid(6c62d28e5f5c6dd44bfffa35dba4a15f) Importer(815301076,1909f56bfc062723c751e8b465ee728b)
Start importing Assets/Sprites/Parque/ciudad parte 4.png using Guid(6c62d28e5f5c6dd44bfffa35dba4a15f) Importer(815301076,1909f56bfc062723c751e8b465ee728b)  -> (artifact id: '245237063e6bf4129c2be1c0ad73144f') in 0.057765 seconds 
========================================================================
Received Import Request.
  Time since last request: 0.000013 seconds.
  path: Assets/Sprites/Parque/Baños Parque.png
  artifactKey: Guid(d504d5473fe8a784e9c3607cdfaa22cc) Importer(815301076,1909f56bfc062723c751e8b465ee728b)
Start importing Assets/Sprites/Parque/Baños Parque.png using Guid(d504d5473fe8a784e9c3607cdfaa22cc) Importer(815301076,1909f56bfc062723c751e8b465ee728b)  -> (artifact id: '3174a413cd0aca506bd317147f35a1a5') in 0.045394 seconds 
========================================================================
Received Import Request.
  Time since last request: 0.060741 seconds.
  path: Assets/Sprites/Parque/Baño/fondo.png
  artifactKey: Guid(ede2322ef26512d44a01c02e9e74c5df) Importer(815301076,1909f56bfc062723c751e8b465ee728b)
Start importing Assets/Sprites/Parque/Baño/fondo.png using Guid(ede2322ef26512d44a01c02e9e74c5df) Importer(815301076,1909f56bfc062723c751e8b465ee728b)  -> (artifact id: 'a3d2967a800d024464dbb1fa1f112f7b') in 0.129883 seconds 
========================================================================
Received Import Request.
  Time since last request: 4.766281 seconds.
  path: Assets/Sprites/Oficina/collumna1.png
  artifactKey: Guid(a3b556100f1d2da4cae47873f9350fbd) Importer(815301076,1909f56bfc062723c751e8b465ee728b)
Start importing Assets/Sprites/Oficina/collumna1.png using Guid(a3b556100f1d2da4cae47873f9350fbd) Importer(815301076,1909f56bfc062723c751e8b465ee728b)  -> (artifact id: 'fc75876e49dd5410a362c40a3f36c839') in 0.052154 seconds 
========================================================================
Received Import Request.
  Time since last request: 0.000017 seconds.
  path: Assets/Sprites/Oficina/puerta baño m.png
  artifactKey: Guid(0f1a669abf0b21d48adb3c505e203b15) Importer(815301076,1909f56bfc062723c751e8b465ee728b)
Start importing Assets/Sprites/Oficina/puerta baño m.png using Guid(0f1a669abf0b21d48adb3c505e203b15) Importer(815301076,1909f56bfc062723c751e8b465ee728b)  -> (artifact id: 'c92115a906f088ac3024d8043c366c51') in 0.025093 seconds 
========================================================================
Received Import Request.
  Time since last request: 0.000017 seconds.
  path: Assets/Sprites/Oficina/fndo base.png
  artifactKey: Guid(276422e4984606f48ae60e828131690b) Importer(815301076,1909f56bfc062723c751e8b465ee728b)
Start importing Assets/Sprites/Oficina/fndo base.png using Guid(276422e4984606f48ae60e828131690b) Importer(815301076,1909f56bfc062723c751e8b465ee728b)  -> (artifact id: 'ce23c6228f15e1f31364e9fa9c450f89') in 0.086675 seconds 
========================================================================
Received Import Request.
  Time since last request: 0.912466 seconds.
  path: Assets/Sprites/Oficina/Baño/Cubiculo.png
  artifactKey: Guid(034ad79b752ea3a4d9158e91d9951ef7) Importer(815301076,1909f56bfc062723c751e8b465ee728b)
Start importing Assets/Sprites/Oficina/Baño/Cubiculo.png using Guid(034ad79b752ea3a4d9158e91d9951ef7) Importer(815301076,1909f56bfc062723c751e8b465ee728b)  -> (artifact id: '958316094a34ea37cc81db58fd8ce388') in 0.037918 seconds 
========================================================================
Received Import Request.
  Time since last request: 0.000028 seconds.
  path: Assets/Sprites/Oficina/Baño/sombra del baño.png
  artifactKey: Guid(a1dad6fc63b64d6478475e341f204398) Importer(815301076,1909f56bfc062723c751e8b465ee728b)
Start importing Assets/Sprites/Oficina/Baño/sombra del baño.png using Guid(a1dad6fc63b64d6478475e341f204398) Importer(815301076,1909f56bfc062723c751e8b465ee728b)  -> (artifact id: '54b907031123a07a6f6b66db232288ef') in 0.045697 seconds 
========================================================================
Received Import Request.
  Time since last request: 2.643276 seconds.
  path: Assets/Sprites/Discoteca/baño 2.png
  artifactKey: Guid(fdb4485b064002244a458edeff884b27) Importer(815301076,1909f56bfc062723c751e8b465ee728b)
Start importing Assets/Sprites/Discoteca/baño 2.png using Guid(fdb4485b064002244a458edeff884b27) Importer(815301076,1909f56bfc062723c751e8b465ee728b)  -> (artifact id: '34d6e7f52197c3d2b4862b7f3847cd13') in 0.024130 seconds 
========================================================================
Received Import Request.
  Time since last request: 0.000025 seconds.
  path: Assets/Sprites/Discoteca/Luz de pared normal.png
  artifactKey: Guid(2805eb3abafb3bc4a93160e68bc8e2be) Importer(815301076,1909f56bfc062723c751e8b465ee728b)
Start importing Assets/Sprites/Discoteca/Luz de pared normal.png using Guid(2805eb3abafb3bc4a93160e68bc8e2be) Importer(815301076,1909f56bfc062723c751e8b465ee728b)  -> (artifact id: 'b98812ce2e1df07bfd9430581e8ed754') in 0.034676 seconds 
========================================================================
Received Import Request.
  Time since last request: 0.000021 seconds.
  path: Assets/Sprites/Discoteca/Fondo.png
  artifactKey: Guid(6296931c14094e443a920b0673a02652) Importer(815301076,1909f56bfc062723c751e8b465ee728b)
Start importing Assets/Sprites/Discoteca/Fondo.png using Guid(6296931c14094e443a920b0673a02652) Importer(815301076,1909f56bfc062723c751e8b465ee728b)  -> (artifact id: '3cd7891fb344341e0920a6e7079106a4') in 0.086831 seconds 
========================================================================
Received Import Request.
  Time since last request: 1.623773 seconds.
  path: Assets/Sprites/Discoteca/Baño/Espejo.png
  artifactKey: Guid(a8e919235894af74480491f3481628b3) Importer(815301076,1909f56bfc062723c751e8b465ee728b)
Start importing Assets/Sprites/Discoteca/Baño/Espejo.png using Guid(a8e919235894af74480491f3481628b3) Importer(815301076,1909f56bfc062723c751e8b465ee728b)  -> (artifact id: 'a52557758d3b5f1237905a88761eeaa3') in 0.031931 seconds 
========================================================================
Received Import Request.
  Time since last request: 0.000021 seconds.
  path: Assets/Sprites/Discoteca/Baño/Recurso 23.png
  artifactKey: Guid(0cb055e47ce678f4f84ef9049a79ebc4) Importer(815301076,1909f56bfc062723c751e8b465ee728b)
Start importing Assets/Sprites/Discoteca/Baño/Recurso 23.png using Guid(0cb055e47ce678f4f84ef9049a79ebc4) Importer(815301076,1909f56bfc062723c751e8b465ee728b)  -> (artifact id: 'c7d1a2bb3260260a79fb9ef13a664d91') in 0.050194 seconds 
