Using pre-set license
Built from '2020.3/release' branch; Version is '2020.3.2f1 (8fd9074bf66c) revision 9427207'; Using compiler version '192528614'; Build Type 'Release'
OS: 'Windows 10 Home; OS build 19044.1706; Version 2009; 64bit' Language: 'es' Physical Memory: 16259 MB
BatchMode: 1, IsHumanControllingUs: 0, StartBugReporterOnCrash: 0, Is64bit: 1, IsPro: 0

 COMMAND LINE ARGUMENTS:
C:\Program Files\Unity\Hub\Editor\2020.3.2f1\Editor\Unity.exe
-adb2
-batchMode
-noUpm
-name
AssetImportWorker0
-projectPath
D:/Proyectos/Depressive-Symptoms/Depressive Symptoms Game
-logFile
Logs/AssetImportWorker0.log
-srvPort
64196
Successfully changed project path to: D:/Proyectos/Depressive-Symptoms/Depressive Symptoms Game
D:/Proyectos/Depressive-Symptoms/Depressive Symptoms Game
Using Asset Import Pipeline V2.
Refreshing native plugins compatible for Editor in 47.01 ms, found 1 plugins.
Preloading 0 native plugins for Editor in 0.00 ms.
Initialize engine version: 2020.3.2f1 (8fd9074bf66c)
[Subsystems] Discovering subsystems at path C:/Program Files/Unity/Hub/Editor/2020.3.2f1/Editor/Data/Resources/UnitySubsystems
[Subsystems] Discovering subsystems at path D:/Proyectos/Depressive-Symptoms/Depressive Symptoms Game/Assets
GfxDevice: creating device client; threaded=0
Direct3D:
    Version:  Direct3D 11.0 [level 11.1]
    Renderer: NVIDIA GeForce GTX 1050 Ti (ID=0x1c8c)
    Vendor:   
    VRAM:     4021 MB
    Driver:   30.0.15.1165
Initialize mono
Mono path[0] = 'C:/Program Files/Unity/Hub/Editor/2020.3.2f1/Editor/Data/Managed'
Mono path[1] = 'C:/Program Files/Unity/Hub/Editor/2020.3.2f1/Editor/Data/MonoBleedingEdge/lib/mono/unityjit'
Mono config path = 'C:/Program Files/Unity/Hub/Editor/2020.3.2f1/Editor/Data/MonoBleedingEdge/etc'
Using monoOptions --debugger-agent=transport=dt_socket,embedding=1,server=y,suspend=n,address=127.0.0.1:56276
Begin MonoManager ReloadAssembly
Registering precompiled unity dll's ...
Register platform support module: C:/Program Files/Unity/Hub/Editor/2020.3.2f1/Editor/Data/PlaybackEngines/WebGLSupport/UnityEditor.WebGL.Extensions.dll
Register platform support module: C:/Program Files/Unity/Hub/Editor/2020.3.2f1/Editor/Data/PlaybackEngines/WindowsStandaloneSupport/UnityEditor.WindowsStandalone.Extensions.dll
Registered in 0.003415 seconds.
Native extension for WindowsStandalone target not found
Native extension for WebGL target not found
Refreshing native plugins compatible for Editor in 49.82 ms, found 1 plugins.
Preloading 0 native plugins for Editor in 0.00 ms.
Invoked RoslynAnalysisRunner static constructor.
RoslynAnalysisRunner will not be running.
RoslynAnalysisRunner has terminated.
Mono: successfully reloaded assembly
- Completed reload, in  1.597 seconds
Platform modules already initialized, skipping
Registering precompiled user dll's ...
Registered in 0.001504 seconds.
Begin MonoManager ReloadAssembly
Native extension for WindowsStandalone target not found
Native extension for WebGL target not found
Refreshing native plugins compatible for Editor in 48.04 ms, found 1 plugins.
Preloading 0 native plugins for Editor in 0.00 ms.
Invoked RoslynAnalysisRunner static constructor.
RoslynAnalysisRunner will not be running.
RoslynAnalysisRunner has terminated.
Mono: successfully reloaded assembly
- Completed reload, in  1.184 seconds
Platform modules already initialized, skipping
========================================================================
Worker process is ready to serve import requests
Launched and connected shader compiler UnityShaderCompiler.exe after 0.07 seconds
Refreshing native plugins compatible for Editor in 0.38 ms, found 1 plugins.
Preloading 0 native plugins for Editor in 0.00 ms.
Unloading 1886 Unused Serialized files (Serialized files now loaded: 0)
System memory in use before: 108.0 MB.
System memory in use after: 108.0 MB.

Unloading 22 unused Assets to reduce memory usage. Loaded Objects now: 2351.
Total: 2.414600 ms (FindLiveObjects: 0.210700 ms CreateObjectMapping: 0.259500 ms MarkObjects: 1.772800 ms  DeleteObjects: 0.170300 ms)

========================================================================
Received Import Request.
  path: Assets/Sprites/diseño sprite/vestuario femenino.png
  artifactKey: Guid(fae4594e66df8d64a88704af0f706a0b) Importer(815301076,1909f56bfc062723c751e8b465ee728b)
Start importing Assets/Sprites/diseño sprite/vestuario femenino.png using Guid(fae4594e66df8d64a88704af0f706a0b) Importer(815301076,1909f56bfc062723c751e8b465ee728b)  -> (artifact id: '5f7ceae789a73511925230a8c126d6d1') in 0.688789 seconds
  Import took 0.691964 seconds .

========================================================================
Received Import Request.
  Time since last request: 13.094402 seconds.
  path: Assets/Sprites/diseño sprite/cuerpo-tarjes.png
  artifactKey: Guid(6f8a6de35806eea4fb1fca17e488059c) Importer(815301076,1909f56bfc062723c751e8b465ee728b)
Start importing Assets/Sprites/diseño sprite/cuerpo-tarjes.png using Guid(6f8a6de35806eea4fb1fca17e488059c) Importer(815301076,1909f56bfc062723c751e8b465ee728b)  -> (artifact id: 'e9857f5a365578631da804f46ac3f135') in 0.158648 seconds
  Import took 0.165654 seconds .

========================================================================
Received Import Request.
  Time since last request: 0.002679 seconds.
  path: Assets/Sprites/diseño sprite/cuerpo-tarjes.png
  artifactKey: Guid(6f8a6de35806eea4fb1fca17e488059c) Importer(815301076,1909f56bfc062723c751e8b465ee728b)
Start importing Assets/Sprites/diseño sprite/cuerpo-tarjes.png using Guid(6f8a6de35806eea4fb1fca17e488059c) Importer(815301076,1909f56bfc062723c751e8b465ee728b)  -> (artifact id: 'e9857f5a365578631da804f46ac3f135') in 0.124714 seconds
  Import took 0.129341 seconds .

========================================================================
Received Prepare
Refreshing native plugins compatible for Editor in 1.89 ms, found 1 plugins.
Preloading 0 native plugins for Editor in 0.00 ms.
Unloading 9 Unused Serialized files (Serialized files now loaded: 0)
System memory in use before: 73.2 MB.
System memory in use after: 73.3 MB.

Unloading 9 unused Assets to reduce memory usage. Loaded Objects now: 2414.
Total: 2.923700 ms (FindLiveObjects: 0.218500 ms CreateObjectMapping: 0.093300 ms MarkObjects: 2.502600 ms  DeleteObjects: 0.108200 ms)

========================================================================
Received Import Request.
  Time since last request: 38.282357 seconds.
  path: Assets/Prefabs/Character.prefab
  artifactKey: Guid(e9af282170bf4b046bc2228e8bdbfeb0) Importer(815301076,1909f56bfc062723c751e8b465ee728b)
Start importing Assets/Prefabs/Character.prefab using Guid(e9af282170bf4b046bc2228e8bdbfeb0) Importer(815301076,1909f56bfc062723c751e8b465ee728b)  -> (artifact id: 'bdc9b0d79891d90d5edb6812b1a41649') in 0.123333 seconds
  Import took 0.129333 seconds .

========================================================================
Received Import Request.
  Time since last request: 123.748978 seconds.
  path: Assets/Sprites/diseño sprite/ojos.png
  artifactKey: Guid(772760e85b0cf4c4b98d6c4582cdb78f) Importer(815301076,1909f56bfc062723c751e8b465ee728b)
Start importing Assets/Sprites/diseño sprite/ojos.png using Guid(772760e85b0cf4c4b98d6c4582cdb78f) Importer(815301076,1909f56bfc062723c751e8b465ee728b)  -> (artifact id: '164cd1800225ac0bd6db9af8d292919e') in 0.106165 seconds
  Import took 0.111494 seconds .

========================================================================
Received Import Request.
  Time since last request: 308.157733 seconds.
  path: Assets/Sprites/diseño sprite/cuerpo-tarjes.png
  artifactKey: Guid(6f8a6de35806eea4fb1fca17e488059c) Importer(815301076,1909f56bfc062723c751e8b465ee728b)
Start importing Assets/Sprites/diseño sprite/cuerpo-tarjes.png using Guid(6f8a6de35806eea4fb1fca17e488059c) Importer(815301076,1909f56bfc062723c751e8b465ee728b)  -> (artifact id: 'd347f2a062286bcfe576f99163caf3da') in 0.063367 seconds
  Import took 0.067710 seconds .

========================================================================
Received Import Request.
  Time since last request: 114.278160 seconds.
  path: Assets/Sprites/diseño sprite/cuerpo-tarjes.png
  artifactKey: Guid(6f8a6de35806eea4fb1fca17e488059c) Importer(815301076,1909f56bfc062723c751e8b465ee728b)
Start importing Assets/Sprites/diseño sprite/cuerpo-tarjes.png using Guid(6f8a6de35806eea4fb1fca17e488059c) Importer(815301076,1909f56bfc062723c751e8b465ee728b)  -> (artifact id: '2fd395e9c2522ce4c6838d141a3feb5d') in 0.070711 seconds
  Import took 0.076949 seconds .

========================================================================
Received Import Request.
  Time since last request: 114.885186 seconds.
  path: Assets/Sprites/diseño sprite/vestuario femenino.png
  artifactKey: Guid(fae4594e66df8d64a88704af0f706a0b) Importer(815301076,1909f56bfc062723c751e8b465ee728b)
Start importing Assets/Sprites/diseño sprite/vestuario femenino.png using Guid(fae4594e66df8d64a88704af0f706a0b) Importer(815301076,1909f56bfc062723c751e8b465ee728b)  -> (artifact id: 'cf1650af7d631047788df0b671fa64d2') in 0.062380 seconds
  Import took 0.066893 seconds .

========================================================================
Received Import Request.
  Time since last request: 74.879675 seconds.
  path: Assets/Sprites/diseño sprite/vestuario femenino.png
  artifactKey: Guid(fae4594e66df8d64a88704af0f706a0b) Importer(815301076,1909f56bfc062723c751e8b465ee728b)
Start importing Assets/Sprites/diseño sprite/vestuario femenino.png using Guid(fae4594e66df8d64a88704af0f706a0b) Importer(815301076,1909f56bfc062723c751e8b465ee728b)  -> (artifact id: 'fdfc64c06c7fa71981725147dfc9ce1c') in 0.061541 seconds
  Import took 0.067239 seconds .

========================================================================
Received Import Request.
  Time since last request: 65.607142 seconds.
  path: Assets/Sprites/diseño sprite/vestuario femenino.png
  artifactKey: Guid(fae4594e66df8d64a88704af0f706a0b) Importer(815301076,1909f56bfc062723c751e8b465ee728b)
Start importing Assets/Sprites/diseño sprite/vestuario femenino.png using Guid(fae4594e66df8d64a88704af0f706a0b) Importer(815301076,1909f56bfc062723c751e8b465ee728b)  -> (artifact id: 'd2adafeaf80181be4d42a8f82215dcc8') in 0.076962 seconds
  Import took 0.082604 seconds .

========================================================================
Received Import Request.
  Time since last request: 0.001869 seconds.
  path: Assets/Sprites/diseño sprite/vestuario femenino.png
  artifactKey: Guid(fae4594e66df8d64a88704af0f706a0b) Importer(815301076,1909f56bfc062723c751e8b465ee728b)
Start importing Assets/Sprites/diseño sprite/vestuario femenino.png using Guid(fae4594e66df8d64a88704af0f706a0b) Importer(815301076,1909f56bfc062723c751e8b465ee728b)  -> (artifact id: 'd2adafeaf80181be4d42a8f82215dcc8') in 0.057316 seconds
  Import took 0.061351 seconds .

========================================================================
Received Import Request.
  Time since last request: 53.818683 seconds.
  path: Assets/Sprites/diseño sprite/vestuario femenino.png
  artifactKey: Guid(fae4594e66df8d64a88704af0f706a0b) Importer(815301076,1909f56bfc062723c751e8b465ee728b)
Start importing Assets/Sprites/diseño sprite/vestuario femenino.png using Guid(fae4594e66df8d64a88704af0f706a0b) Importer(815301076,1909f56bfc062723c751e8b465ee728b)  -> (artifact id: '6523beeb5294fe9d7fc85c9df0ef528f') in 0.064732 seconds
  Import took 0.069401 seconds .

========================================================================
Received Import Request.
  Time since last request: 89.773448 seconds.
  path: Assets/Sprites/diseño sprite/vestuario femenino.png
  artifactKey: Guid(fae4594e66df8d64a88704af0f706a0b) Importer(815301076,1909f56bfc062723c751e8b465ee728b)
Start importing Assets/Sprites/diseño sprite/vestuario femenino.png using Guid(fae4594e66df8d64a88704af0f706a0b) Importer(815301076,1909f56bfc062723c751e8b465ee728b)  -> (artifact id: 'dacec37e40497770028e1d85002aa45f') in 0.063665 seconds
  Import took 0.068154 seconds .

========================================================================
Received Import Request.
  Time since last request: 3.620988 seconds.
  path: Assets/Sprites/diseño sprite/vestuario femenino.png
  artifactKey: Guid(fae4594e66df8d64a88704af0f706a0b) Importer(815301076,1909f56bfc062723c751e8b465ee728b)
Start importing Assets/Sprites/diseño sprite/vestuario femenino.png using Guid(fae4594e66df8d64a88704af0f706a0b) Importer(815301076,1909f56bfc062723c751e8b465ee728b)  -> (artifact id: '816d97e5929938d7119f431a3d7c3104') in 0.063831 seconds
  Import took 0.068016 seconds .

========================================================================
Received Import Request.
  Time since last request: 4.882322 seconds.
  path: Assets/Sprites/diseño sprite/vestuario femenino.png
  artifactKey: Guid(fae4594e66df8d64a88704af0f706a0b) Importer(815301076,1909f56bfc062723c751e8b465ee728b)
Start importing Assets/Sprites/diseño sprite/vestuario femenino.png using Guid(fae4594e66df8d64a88704af0f706a0b) Importer(815301076,1909f56bfc062723c751e8b465ee728b)  -> (artifact id: '0c0f8b96e717c0b48f4e6355d9187acd') in 0.064867 seconds
  Import took 0.068700 seconds .

========================================================================
Received Import Request.
  Time since last request: 11.517939 seconds.
  path: Assets/Sprites/diseño sprite/vestuario femenino.png
  artifactKey: Guid(fae4594e66df8d64a88704af0f706a0b) Importer(815301076,1909f56bfc062723c751e8b465ee728b)
Start importing Assets/Sprites/diseño sprite/vestuario femenino.png using Guid(fae4594e66df8d64a88704af0f706a0b) Importer(815301076,1909f56bfc062723c751e8b465ee728b)  -> (artifact id: 'f084e2c27364ae9ca3f501295f679638') in 0.065708 seconds
  Import took 0.069782 seconds .

========================================================================
Received Import Request.
  Time since last request: 4.686818 seconds.
  path: Assets/Sprites/diseño sprite/vestuario femenino.png
  artifactKey: Guid(fae4594e66df8d64a88704af0f706a0b) Importer(815301076,1909f56bfc062723c751e8b465ee728b)
Start importing Assets/Sprites/diseño sprite/vestuario femenino.png using Guid(fae4594e66df8d64a88704af0f706a0b) Importer(815301076,1909f56bfc062723c751e8b465ee728b)  -> (artifact id: 'fa0a9433bb8de51bcc11c4f6b80fa0d5') in 0.065078 seconds
  Import took 0.069081 seconds .

========================================================================
Received Import Request.
  Time since last request: 5.248561 seconds.
  path: Assets/Sprites/diseño sprite/vestuario femenino.png
  artifactKey: Guid(fae4594e66df8d64a88704af0f706a0b) Importer(815301076,1909f56bfc062723c751e8b465ee728b)
Start importing Assets/Sprites/diseño sprite/vestuario femenino.png using Guid(fae4594e66df8d64a88704af0f706a0b) Importer(815301076,1909f56bfc062723c751e8b465ee728b)  -> (artifact id: '0b9966be8a2131055c50a4586c23a291') in 0.063927 seconds
  Import took 0.067915 seconds .

========================================================================
Received Prepare
Registering precompiled user dll's ...
Registered in 0.000898 seconds.
Begin MonoManager ReloadAssembly
Native extension for WindowsStandalone target not found
Native extension for WebGL target not found
Refreshing native plugins compatible for Editor in 0.44 ms, found 1 plugins.
Preloading 0 native plugins for Editor in 0.00 ms.
Invoked RoslynAnalysisRunner static constructor.
RoslynAnalysisRunner will not be running.
RoslynAnalysisRunner has terminated.
Mono: successfully reloaded assembly
- Completed reload, in  1.005 seconds
Platform modules already initialized, skipping
Refreshing native plugins compatible for Editor in 0.42 ms, found 1 plugins.
Preloading 0 native plugins for Editor in 0.00 ms.
Unloading 1867 Unused Serialized files (Serialized files now loaded: 0)
System memory in use before: 109.9 MB.
System memory in use after: 109.9 MB.

Unloading 11 unused Assets to reduce memory usage. Loaded Objects now: 2445.
Total: 2.577200 ms (FindLiveObjects: 0.284900 ms CreateObjectMapping: 0.068500 ms MarkObjects: 2.073800 ms  DeleteObjects: 0.148700 ms)

========================================================================
Received Import Request.
  Time since last request: 193.302506 seconds.
  path: Assets/Sprites/diseño sprite/cuerpo.png
  artifactKey: Guid(0e4d3881aa4d8a842a13c4397c3f3120) Importer(815301076,1909f56bfc062723c751e8b465ee728b)
Start importing Assets/Sprites/diseño sprite/cuerpo.png using Guid(0e4d3881aa4d8a842a13c4397c3f3120) Importer(815301076,1909f56bfc062723c751e8b465ee728b)  -> (artifact id: '09cac33366b9d37b1a7da00b9dd00e34') in 0.279149 seconds
  Import took 0.283738 seconds .

========================================================================
Received Import Request.
  Time since last request: 0.020032 seconds.
  path: Assets/Sprites/diseño sprite/cuerpo.png
  artifactKey: Guid(0e4d3881aa4d8a842a13c4397c3f3120) Importer(815301076,1909f56bfc062723c751e8b465ee728b)
Start importing Assets/Sprites/diseño sprite/cuerpo.png using Guid(0e4d3881aa4d8a842a13c4397c3f3120) Importer(815301076,1909f56bfc062723c751e8b465ee728b)  -> (artifact id: '09cac33366b9d37b1a7da00b9dd00e34') in 0.225089 seconds
  Import took 0.231764 seconds .

========================================================================
Received Prepare
Registering precompiled user dll's ...
Registered in 0.000959 seconds.
Begin MonoManager ReloadAssembly
Native extension for WindowsStandalone target not found
Native extension for WebGL target not found
Refreshing native plugins compatible for Editor in 0.37 ms, found 1 plugins.
Preloading 0 native plugins for Editor in 0.00 ms.
Invoked RoslynAnalysisRunner static constructor.
RoslynAnalysisRunner will not be running.
RoslynAnalysisRunner has terminated.
Mono: successfully reloaded assembly
- Completed reload, in  0.921 seconds
Platform modules already initialized, skipping
Refreshing native plugins compatible for Editor in 0.38 ms, found 1 plugins.
Preloading 0 native plugins for Editor in 0.00 ms.
Unloading 1867 Unused Serialized files (Serialized files now loaded: 0)
System memory in use before: 109.9 MB.
System memory in use after: 110.0 MB.

Unloading 11 unused Assets to reduce memory usage. Loaded Objects now: 2458.
Total: 2.414600 ms (FindLiveObjects: 0.196300 ms CreateObjectMapping: 0.068600 ms MarkObjects: 2.002500 ms  DeleteObjects: 0.146200 ms)

========================================================================
Received Prepare
Registering precompiled user dll's ...
Registered in 0.001032 seconds.
Begin MonoManager ReloadAssembly
Native extension for WindowsStandalone target not found
Native extension for WebGL target not found
Refreshing native plugins compatible for Editor in 0.39 ms, found 1 plugins.
Preloading 0 native plugins for Editor in 0.00 ms.
Invoked RoslynAnalysisRunner static constructor.
RoslynAnalysisRunner will not be running.
RoslynAnalysisRunner has terminated.
Mono: successfully reloaded assembly
- Completed reload, in  1.001 seconds
Platform modules already initialized, skipping
Refreshing native plugins compatible for Editor in 0.38 ms, found 1 plugins.
Preloading 0 native plugins for Editor in 0.00 ms.
Unloading 1867 Unused Serialized files (Serialized files now loaded: 0)
System memory in use before: 110.0 MB.
System memory in use after: 110.0 MB.

Unloading 11 unused Assets to reduce memory usage. Loaded Objects now: 2462.
Total: 2.671700 ms (FindLiveObjects: 0.299200 ms CreateObjectMapping: 0.219600 ms MarkObjects: 1.939500 ms  DeleteObjects: 0.212000 ms)

========================================================================
Received Import Request.
  Time since last request: 62.319239 seconds.
  path: Assets/Sprites/diseño sprite/cuerpo.png
  artifactKey: Guid(0e4d3881aa4d8a842a13c4397c3f3120) Importer(815301076,1909f56bfc062723c751e8b465ee728b)
Start importing Assets/Sprites/diseño sprite/cuerpo.png using Guid(0e4d3881aa4d8a842a13c4397c3f3120) Importer(815301076,1909f56bfc062723c751e8b465ee728b)  -> (artifact id: 'd412ee90738ed71008735561e5f17a26') in 0.161211 seconds
  Import took 0.165338 seconds .

========================================================================
Received Prepare
Registering precompiled user dll's ...
Registered in 0.001248 seconds.
Begin MonoManager ReloadAssembly
Native extension for WindowsStandalone target not found
Native extension for WebGL target not found
Refreshing native plugins compatible for Editor in 0.37 ms, found 1 plugins.
Preloading 0 native plugins for Editor in 0.00 ms.
Invoked RoslynAnalysisRunner static constructor.
RoslynAnalysisRunner will not be running.
RoslynAnalysisRunner has terminated.
Mono: successfully reloaded assembly
- Completed reload, in  0.897 seconds
Platform modules already initialized, skipping
Refreshing native plugins compatible for Editor in 0.38 ms, found 1 plugins.
Preloading 0 native plugins for Editor in 0.00 ms.
Unloading 1867 Unused Serialized files (Serialized files now loaded: 0)
System memory in use before: 110.0 MB.
System memory in use after: 110.0 MB.

Unloading 11 unused Assets to reduce memory usage. Loaded Objects now: 2469.
Total: 2.471800 ms (FindLiveObjects: 0.210400 ms CreateObjectMapping: 0.066700 ms MarkObjects: 2.031300 ms  DeleteObjects: 0.162000 ms)

========================================================================
Received Import Request.
  Time since last request: 89.976773 seconds.
  path: Assets/Sprites/diseño sprite/cuerpo.png
  artifactKey: Guid(0e4d3881aa4d8a842a13c4397c3f3120) Importer(815301076,1909f56bfc062723c751e8b465ee728b)
Start importing Assets/Sprites/diseño sprite/cuerpo.png using Guid(0e4d3881aa4d8a842a13c4397c3f3120) Importer(815301076,1909f56bfc062723c751e8b465ee728b)  -> (artifact id: 'a1fb31a632097c588139feba181ed76b') in 0.154711 seconds
  Import took 0.158888 seconds .

========================================================================
Received Prepare
Registering precompiled user dll's ...
Registered in 0.000891 seconds.
Begin MonoManager ReloadAssembly
Native extension for WindowsStandalone target not found
Native extension for WebGL target not found
Refreshing native plugins compatible for Editor in 0.46 ms, found 1 plugins.
Preloading 0 native plugins for Editor in 0.00 ms.
Invoked RoslynAnalysisRunner static constructor.
RoslynAnalysisRunner will not be running.
RoslynAnalysisRunner has terminated.
Mono: successfully reloaded assembly
- Completed reload, in  0.982 seconds
Platform modules already initialized, skipping
Refreshing native plugins compatible for Editor in 0.42 ms, found 1 plugins.
Preloading 0 native plugins for Editor in 0.00 ms.
Unloading 1867 Unused Serialized files (Serialized files now loaded: 0)
System memory in use before: 110.1 MB.
System memory in use after: 110.1 MB.

Unloading 11 unused Assets to reduce memory usage. Loaded Objects now: 2474.
Total: 2.435900 ms (FindLiveObjects: 0.200500 ms CreateObjectMapping: 0.068400 ms MarkObjects: 2.005900 ms  DeleteObjects: 0.160000 ms)

========================================================================
Received Import Request.
  Time since last request: 58.332291 seconds.
  path: Assets/Prefabs/Character.prefab
  artifactKey: Guid(e9af282170bf4b046bc2228e8bdbfeb0) Importer(815301076,1909f56bfc062723c751e8b465ee728b)
Start importing Assets/Prefabs/Character.prefab using Guid(e9af282170bf4b046bc2228e8bdbfeb0) Importer(815301076,1909f56bfc062723c751e8b465ee728b)  -> (artifact id: '1e860c9a757b4222709bf9dd79902ee9') in 0.109760 seconds
  Import took 0.118359 seconds .

========================================================================
Received Import Request.
  Time since last request: 272.519801 seconds.
  path: Assets/Sprites/diseño sprite/vestuario femenino.png
  artifactKey: Guid(fae4594e66df8d64a88704af0f706a0b) Importer(815301076,1909f56bfc062723c751e8b465ee728b)
Start importing Assets/Sprites/diseño sprite/vestuario femenino.png using Guid(fae4594e66df8d64a88704af0f706a0b) Importer(815301076,1909f56bfc062723c751e8b465ee728b)  -> (artifact id: '80e892581f089b3b8e3316d157ccd3eb') in 0.085656 seconds
  Import took 0.090092 seconds .

========================================================================
Received Prepare
Registering precompiled user dll's ...
Registered in 0.000863 seconds.
Begin MonoManager ReloadAssembly
Native extension for WindowsStandalone target not found
Native extension for WebGL target not found
Refreshing native plugins compatible for Editor in 0.49 ms, found 1 plugins.
Preloading 0 native plugins for Editor in 0.00 ms.
Invoked RoslynAnalysisRunner static constructor.
RoslynAnalysisRunner will not be running.
RoslynAnalysisRunner has terminated.
Mono: successfully reloaded assembly
- Completed reload, in  0.981 seconds
Platform modules already initialized, skipping
Refreshing native plugins compatible for Editor in 0.38 ms, found 1 plugins.
Preloading 0 native plugins for Editor in 0.00 ms.
Unloading 1867 Unused Serialized files (Serialized files now loaded: 0)
System memory in use before: 110.1 MB.
System memory in use after: 110.1 MB.

Unloading 11 unused Assets to reduce memory usage. Loaded Objects now: 2479.
Total: 2.414900 ms (FindLiveObjects: 0.301300 ms CreateObjectMapping: 0.092100 ms MarkObjects: 1.852300 ms  DeleteObjects: 0.168200 ms)

AssetImportWorkerClient::OnTransportError - code=2 error=End of file
