Using pre-set license
Built from '2021.3/staging' branch; Version is '2021.3.6f1 (7da38d85baf6) revision 8233869'; Using compiler version '192829333'; Build Type 'Release'
OS: 'Windows 10  (10.0.19044) 64bit Professional' Language: 'es' Physical Memory: 65327 MB
BatchMode: 1, IsHumanControllingUs: 0, StartBugReporterOnCrash: 0, Is64bit: 1, IsPro: 1

COMMAND LINE ARGUMENTS:
D:\Program Files\Unity\Hub\Editor\2021.3.6f1\Editor\Unity.exe
-adb2
-batchMode
-noUpm
-name
AssetImportWorker4
-projectPath
D:/Proyectos/Depressive-Symptoms/Depressive Symptoms Game
-logFile
Logs/AssetImportWorker4.log
-srvPort
60985
Successfully changed project path to: D:/Proyectos/Depressive-Symptoms/Depressive Symptoms Game
D:/Proyectos/Depressive-Symptoms/Depressive Symptoms Game
[UnityMemory] Configuration Parameters - Can be set up in boot.config
    "memorysetup-bucket-allocator-granularity=16"
    "memorysetup-bucket-allocator-bucket-count=8"
    "memorysetup-bucket-allocator-block-size=33554432"
    "memorysetup-bucket-allocator-block-count=8"
    "memorysetup-main-allocator-block-size=16777216"
    "memorysetup-thread-allocator-block-size=16777216"
    "memorysetup-gfx-main-allocator-block-size=16777216"
    "memorysetup-gfx-thread-allocator-block-size=16777216"
    "memorysetup-cache-allocator-block-size=4194304"
    "memorysetup-typetree-allocator-block-size=2097152"
    "memorysetup-profiler-bucket-allocator-granularity=16"
    "memorysetup-profiler-bucket-allocator-bucket-count=8"
    "memorysetup-profiler-bucket-allocator-block-size=33554432"
    "memorysetup-profiler-bucket-allocator-block-count=8"
    "memorysetup-profiler-allocator-block-size=16777216"
    "memorysetup-profiler-editor-allocator-block-size=1048576"
    "memorysetup-temp-allocator-size-main=16777216"
    "memorysetup-job-temp-allocator-block-size=2097152"
    "memorysetup-job-temp-allocator-block-size-background=1048576"
    "memorysetup-job-temp-allocator-reduction-small-platforms=262144"
    "memorysetup-temp-allocator-size-background-worker=32768"
    "memorysetup-temp-allocator-size-job-worker=262144"
    "memorysetup-temp-allocator-size-preload-manager=33554432"
    "memorysetup-temp-allocator-size-nav-mesh-worker=65536"
    "memorysetup-temp-allocator-size-audio-worker=65536"
    "memorysetup-temp-allocator-size-cloud-worker=32768"
    "memorysetup-temp-allocator-size-gi-baking-worker=262144"
    "memorysetup-temp-allocator-size-gfx=262144"
Refreshing native plugins compatible for Editor in 49.64 ms, found 3 plugins.
Preloading 0 native plugins for Editor in 0.00 ms.
Initialize engine version: 2021.3.6f1 (7da38d85baf6)
[Subsystems] Discovering subsystems at path D:/Program Files/Unity/Hub/Editor/2021.3.6f1/Editor/Data/Resources/UnitySubsystems
[Subsystems] Discovering subsystems at path D:/Proyectos/Depressive-Symptoms/Depressive Symptoms Game/Assets
GfxDevice: creating device client; threaded=0; jobified=0
Direct3D:
    Version:  Direct3D 11.0 [level 11.1]
    Renderer: NVIDIA GeForce RTX 3090 Ti (ID=0x2203)
    Vendor:   NVIDIA
    VRAM:     24336 MB
    Driver:   31.0.15.1694
Initialize mono
Mono path[0] = 'D:/Program Files/Unity/Hub/Editor/2021.3.6f1/Editor/Data/Managed'
Mono path[1] = 'D:/Program Files/Unity/Hub/Editor/2021.3.6f1/Editor/Data/MonoBleedingEdge/lib/mono/unityjit-win32'
Mono config path = 'D:/Program Files/Unity/Hub/Editor/2021.3.6f1/Editor/Data/MonoBleedingEdge/etc'
Using monoOptions --debugger-agent=transport=dt_socket,embedding=1,server=y,suspend=n,address=127.0.0.1:56236
Begin MonoManager ReloadAssembly
Registering precompiled unity dll's ...
Register platform support module: D:/Program Files/Unity/Hub/Editor/2021.3.6f1/Editor/Data/PlaybackEngines/WebGLSupport/UnityEditor.WebGL.Extensions.dll
Register platform support module: D:/Program Files/Unity/Hub/Editor/2021.3.6f1/Editor/Data/PlaybackEngines/WindowsStandaloneSupport/UnityEditor.WindowsStandalone.Extensions.dll
Registered in 0.004652 seconds.
Native extension for WindowsStandalone target not found
Native extension for WebGL target not found
Refreshing native plugins compatible for Editor in 43.99 ms, found 3 plugins.
Preloading 0 native plugins for Editor in 0.00 ms.
Mono: successfully reloaded assembly
- Completed reload, in  0.598 seconds
Domain Reload Profiling:
	ReloadAssembly (599ms)
		BeginReloadAssembly (76ms)
			ExecutionOrderSort (0ms)
			DisableScriptedObjects (0ms)
			BackupInstance (0ms)
			ReleaseScriptingObjects (0ms)
			CreateAndSetChildDomain (1ms)
		EndReloadAssembly (418ms)
			LoadAssemblies (75ms)
			RebuildTransferFunctionScriptingTraits (0ms)
			SetupTypeCache (105ms)
			ReleaseScriptCaches (0ms)
			RebuildScriptCaches (29ms)
			SetupLoadedEditorAssemblies (234ms)
				LogAssemblyErrors (0ms)
				InitializePlatformSupportModulesInManaged (8ms)
				SetLoadedEditorAssemblies (0ms)
				RefreshPlugins (44ms)
				BeforeProcessingInitializeOnLoad (1ms)
				ProcessInitializeOnLoadAttributes (130ms)
				ProcessInitializeOnLoadMethodAttributes (50ms)
				AfterProcessingInitializeOnLoad (0ms)
				EditorAssembliesLoaded (0ms)
			ExecutionOrderSort2 (0ms)
			AwakeInstancesAfterBackupRestoration (0ms)
Platform modules already initialized, skipping
Registering precompiled user dll's ...
Registered in 0.005967 seconds.
Begin MonoManager ReloadAssembly
Native extension for WindowsStandalone target not found
Native extension for WebGL target not found
Refreshing native plugins compatible for Editor in 43.69 ms, found 3 plugins.
Preloading 0 native plugins for Editor in 0.00 ms.
Mono: successfully reloaded assembly
- Completed reload, in  0.990 seconds
Domain Reload Profiling:
	ReloadAssembly (991ms)
		BeginReloadAssembly (111ms)
			ExecutionOrderSort (0ms)
			DisableScriptedObjects (6ms)
			BackupInstance (0ms)
			ReleaseScriptingObjects (0ms)
			CreateAndSetChildDomain (17ms)
		EndReloadAssembly (768ms)
			LoadAssemblies (83ms)
			RebuildTransferFunctionScriptingTraits (0ms)
			SetupTypeCache (200ms)
			ReleaseScriptCaches (0ms)
			RebuildScriptCaches (51ms)
			SetupLoadedEditorAssemblies (390ms)
				LogAssemblyErrors (0ms)
				InitializePlatformSupportModulesInManaged (5ms)
				SetLoadedEditorAssemblies (0ms)
				RefreshPlugins (44ms)
				BeforeProcessingInitializeOnLoad (68ms)
				ProcessInitializeOnLoadAttributes (221ms)
				ProcessInitializeOnLoadMethodAttributes (49ms)
				AfterProcessingInitializeOnLoad (4ms)
				EditorAssembliesLoaded (0ms)
			ExecutionOrderSort2 (0ms)
			AwakeInstancesAfterBackupRestoration (8ms)
Platform modules already initialized, skipping
========================================================================
Worker process is ready to serve import requests
Launched and connected shader compiler UnityShaderCompiler.exe after 0.08 seconds
Refreshing native plugins compatible for Editor in 0.40 ms, found 3 plugins.
Preloading 0 native plugins for Editor in 0.00 ms.
Unloading 2564 Unused Serialized files (Serialized files now loaded: 0)
Unloading 32 unused Assets / (30.2 KB). Loaded Objects now: 3047.
Memory consumption went from 132.4 MB to 132.4 MB.
Total: 2.314900 ms (FindLiveObjects: 0.156600 ms CreateObjectMapping: 0.150700 ms MarkObjects: 1.982200 ms  DeleteObjects: 0.024400 ms)

AssetImportParameters requested are different than current active one (requested -> active):
  custom:video-decoder-ogg-theora: a1e56fd34408186e4bbccfd4996cb3dc -> 
  custom:container-muxer-webm: aa71ff27fc2769a1b78a27578f13a17b -> 
  custom:container-demuxer-webm: 4f35f7cbe854078d1ac9338744f61a02 -> 
  custom:video-encoder-webm-vp8: eb34c28f22e8b96e1ab97ce403110664 -> 
  custom:audio-encoder-webm-vorbis: bf7c407c2cedff20999df2af8eb42d56 -> 
  custom:framework-win-MediaFoundation: 216162199b28c13a410421893ffa2e32 -> 
  custom:container-demuxer-ogg: 62fdf1f143b41e24485cea50d1cbac27 -> 
  custom:video-decoder-webm-vp8: 9c59270c3fd7afecdb556c50c9e8de78 -> 
  custom:audio-decoder-ogg-vorbis: bf7c407c2cedff20999df2af8eb42d56 -> 
========================================================================
Received Import Request.
  Time since last request: 747971.556140 seconds.
  path: Assets/Sprites/Parque/ciudad parte 1.png
  artifactKey: Guid(ad03fac05bba5424aa1d1fa7e34a7302) Importer(815301076,1909f56bfc062723c751e8b465ee728b)
Start importing Assets/Sprites/Parque/ciudad parte 1.png using Guid(ad03fac05bba5424aa1d1fa7e34a7302) Importer(815301076,1909f56bfc062723c751e8b465ee728b)  -> (artifact id: 'd62f228f86fa376f9dbec5c4ef9f5e1f') in 0.136841 seconds 
========================================================================
Received Import Request.
  Time since last request: 0.000023 seconds.
  path: Assets/Sprites/Parque/bancquillo cerca.png
  artifactKey: Guid(ed68d00662be1b84497091b0914a623e) Importer(815301076,1909f56bfc062723c751e8b465ee728b)
Start importing Assets/Sprites/Parque/bancquillo cerca.png using Guid(ed68d00662be1b84497091b0914a623e) Importer(815301076,1909f56bfc062723c751e8b465ee728b)  -> (artifact id: 'f90953a20e5ef3b58995fcdd3ced4e7e') in 0.029771 seconds 
========================================================================
Received Import Request.
  Time since last request: 0.000017 seconds.
  path: Assets/Sprites/Parque/fondo .png
  artifactKey: Guid(e10ffeb9c0d9e414a9b822402b45a128) Importer(815301076,1909f56bfc062723c751e8b465ee728b)
Start importing Assets/Sprites/Parque/fondo .png using Guid(e10ffeb9c0d9e414a9b822402b45a128) Importer(815301076,1909f56bfc062723c751e8b465ee728b)  -> (artifact id: '8b5a5519cd97cb06b811a9c242898e5b') in 0.044525 seconds 
========================================================================
Received Import Request.
  Time since last request: 0.000022 seconds.
  path: Assets/Sprites/Parque/mas arbustos.png
  artifactKey: Guid(3e07eac09137b4945a06e1ee30b819b8) Importer(815301076,1909f56bfc062723c751e8b465ee728b)
Start importing Assets/Sprites/Parque/mas arbustos.png using Guid(3e07eac09137b4945a06e1ee30b819b8) Importer(815301076,1909f56bfc062723c751e8b465ee728b)  -> (artifact id: '732edf5b4232e237625f7ad42d84f404') in 0.016600 seconds 
========================================================================
Received Import Request.
  Time since last request: 0.012016 seconds.
  path: Assets/Sprites/Parque/Baño
  artifactKey: Guid(e366b6767a0bcc04cbb8c32e882494ff) Importer(815301076,1909f56bfc062723c751e8b465ee728b)
Start importing Assets/Sprites/Parque/Baño using Guid(e366b6767a0bcc04cbb8c32e882494ff) Importer(815301076,1909f56bfc062723c751e8b465ee728b)  -> (artifact id: '97d8c66b5f616982ba7784a8a820b21a') in 0.002701 seconds 
========================================================================
Received Import Request.
  Time since last request: 0.070233 seconds.
  path: Assets/Sprites/Parque/Baño/conjunto de sisterna.png
  artifactKey: Guid(6a03012bebfe4344087fd2212c2a7dbd) Importer(815301076,1909f56bfc062723c751e8b465ee728b)
Start importing Assets/Sprites/Parque/Baño/conjunto de sisterna.png using Guid(6a03012bebfe4344087fd2212c2a7dbd) Importer(815301076,1909f56bfc062723c751e8b465ee728b)  -> (artifact id: 'dbbc28bc5d3a25cea4a7c141f91fc941') in 0.028998 seconds 
========================================================================
Received Import Request.
  Time since last request: 4.866810 seconds.
  path: Assets/Sprites/Oficina/archivador.png
  artifactKey: Guid(3070550d596832a4a981088a67fafb08) Importer(815301076,1909f56bfc062723c751e8b465ee728b)
Start importing Assets/Sprites/Oficina/archivador.png using Guid(3070550d596832a4a981088a67fafb08) Importer(815301076,1909f56bfc062723c751e8b465ee728b)  -> (artifact id: 'eb5b6360881d5fe995acdebd307ee6be') in 0.031780 seconds 
========================================================================
Received Import Request.
  Time since last request: 0.000018 seconds.
  path: Assets/Sprites/Oficina/luz 1.png
  artifactKey: Guid(48c77892c14317c4994955ffef06be88) Importer(815301076,1909f56bfc062723c751e8b465ee728b)
Start importing Assets/Sprites/Oficina/luz 1.png using Guid(48c77892c14317c4994955ffef06be88) Importer(815301076,1909f56bfc062723c751e8b465ee728b)  -> (artifact id: '1ccd975a236d1cdbe1942baa1e0bf2fb') in 0.015428 seconds 
========================================================================
Received Import Request.
  Time since last request: 0.000020 seconds.
  path: Assets/Sprites/Oficina/puerta baño hombre.png
  artifactKey: Guid(fccffd7d66f5aa14fbcda5e17e0e8791) Importer(815301076,1909f56bfc062723c751e8b465ee728b)
Start importing Assets/Sprites/Oficina/puerta baño hombre.png using Guid(fccffd7d66f5aa14fbcda5e17e0e8791) Importer(815301076,1909f56bfc062723c751e8b465ee728b)  -> (artifact id: '5a5fe5ebf9df44f6bc89c761d9249170') in 0.036943 seconds 
========================================================================
Received Import Request.
  Time since last request: 0.000027 seconds.
  path: Assets/Sprites/Oficina/sofa.png
  artifactKey: Guid(86855958fa4e8fd439945b657acfac48) Importer(815301076,1909f56bfc062723c751e8b465ee728b)
Start importing Assets/Sprites/Oficina/sofa.png using Guid(86855958fa4e8fd439945b657acfac48) Importer(815301076,1909f56bfc062723c751e8b465ee728b)  -> (artifact id: '17e32bf2aa043c16a9d13b4702be15d1') in 0.063031 seconds 
========================================================================
Received Import Request.
  Time since last request: 0.841471 seconds.
  path: Assets/Sprites/Oficina/Baño
  artifactKey: Guid(cf99a66d597bcf24993e870e6d3551d9) Importer(815301076,1909f56bfc062723c751e8b465ee728b)
Start importing Assets/Sprites/Oficina/Baño using Guid(cf99a66d597bcf24993e870e6d3551d9) Importer(815301076,1909f56bfc062723c751e8b465ee728b)  -> (artifact id: '2de170d53155b0038daa26caca72f8f2') in 0.002710 seconds 
========================================================================
Received Import Request.
  Time since last request: 0.077298 seconds.
  path: Assets/Sprites/Oficina/Baño/baño ver1.png
  artifactKey: Guid(48c46563a118b484fa8d159f31ee5067) Importer(815301076,1909f56bfc062723c751e8b465ee728b)
Start importing Assets/Sprites/Oficina/Baño/baño ver1.png using Guid(48c46563a118b484fa8d159f31ee5067) Importer(815301076,1909f56bfc062723c751e8b465ee728b)  -> (artifact id: 'a64cafaa94cfa535f501bed2a341f930') in 0.141664 seconds 
========================================================================
Received Import Request.
  Time since last request: 2.590686 seconds.
  path: Assets/Sprites/Discoteca/banco bar.png
  artifactKey: Guid(fc0f4568a2ec0f344941d87b4ad0cf6a) Importer(815301076,1909f56bfc062723c751e8b465ee728b)
Start importing Assets/Sprites/Discoteca/banco bar.png using Guid(fc0f4568a2ec0f344941d87b4ad0cf6a) Importer(815301076,1909f56bfc062723c751e8b465ee728b)  -> (artifact id: '1752ecf88c429e632fcbaf1dc8ed2847') in 0.020171 seconds 
========================================================================
Received Import Request.
  Time since last request: 0.000017 seconds.
  path: Assets/Sprites/Discoteca/Puerta.png
  artifactKey: Guid(df28ee4939cbd884cb7019e00aaa2939) Importer(815301076,1909f56bfc062723c751e8b465ee728b)
Start importing Assets/Sprites/Discoteca/Puerta.png using Guid(df28ee4939cbd884cb7019e00aaa2939) Importer(815301076,1909f56bfc062723c751e8b465ee728b)  -> (artifact id: '26a59a7af3d08c6fc03dca59b87210b1') in 0.056261 seconds 
========================================================================
Received Import Request.
  Time since last request: 1.620932 seconds.
  path: Assets/Sprites/Discoteca/Baño
  artifactKey: Guid(83f2b3d2b2ced514b957e81f4006a463) Importer(815301076,1909f56bfc062723c751e8b465ee728b)
Start importing Assets/Sprites/Discoteca/Baño using Guid(83f2b3d2b2ced514b957e81f4006a463) Importer(815301076,1909f56bfc062723c751e8b465ee728b)  -> (artifact id: '6ef6a745f2656fd0193b153d209d9934') in 0.003429 seconds 
========================================================================
Received Import Request.
  Time since last request: 0.069700 seconds.
  path: Assets/Sprites/Discoteca/Baño/baño.jpg
  artifactKey: Guid(d1dcf594f7640a8408aee9f337f1d772) Importer(815301076,1909f56bfc062723c751e8b465ee728b)
Start importing Assets/Sprites/Discoteca/Baño/baño.jpg using Guid(d1dcf594f7640a8408aee9f337f1d772) Importer(815301076,1909f56bfc062723c751e8b465ee728b)  -> (artifact id: '39a1f6c023c1f6395eadc1ea33bd8935') in 0.119349 seconds 
