Using pre-set license
Built from '2020.3/release' branch; Version is '2020.3.2f1 (8fd9074bf66c) revision 9427207'; Using compiler version '192528614'; Build Type 'Release'
OS: 'Windows 10 Home; OS build 19042.1288; Version 2009; 64bit' Language: 'es' Physical Memory: 16259 MB
BatchMode: 1, IsHumanControllingUs: 0, StartBugReporterOnCrash: 0, Is64bit: 1, IsPro: 0

 COMMAND LINE ARGUMENTS:
C:\Program Files\Unity\Hub\Editor\2020.3.2f1\Editor\Unity.exe
-adb2
-batchMode
-noUpm
-name
AssetImportWorker1
-projectPath
D:/Proyectos/Depressive-Symptoms/Depressive Symptoms Game
-logFile
Logs/AssetImportWorker1.log
-srvPort
65049
Successfully changed project path to: D:/Proyectos/Depressive-Symptoms/Depressive Symptoms Game
D:/Proyectos/Depressive-Symptoms/Depressive Symptoms Game
Using Asset Import Pipeline V2.
Refreshing native plugins compatible for Editor in 52.61 ms, found 1 plugins.
Preloading 0 native plugins for Editor in 0.00 ms.
Initialize engine version: 2020.3.2f1 (8fd9074bf66c)
[Subsystems] Discovering subsystems at path C:/Program Files/Unity/Hub/Editor/2020.3.2f1/Editor/Data/Resources/UnitySubsystems
[Subsystems] Discovering subsystems at path D:/Proyectos/Depressive-Symptoms/Depressive Symptoms Game/Assets
GfxDevice: creating device client; threaded=0
Direct3D:
    Version:  Direct3D 11.0 [level 11.1]
    Renderer: NVIDIA GeForce GTX 1050 Ti (ID=0x1c8c)
    Vendor:   
    VRAM:     4021 MB
    Driver:   27.21.14.6079
Initialize mono
Mono path[0] = 'C:/Program Files/Unity/Hub/Editor/2020.3.2f1/Editor/Data/Managed'
Mono path[1] = 'C:/Program Files/Unity/Hub/Editor/2020.3.2f1/Editor/Data/MonoBleedingEdge/lib/mono/unityjit'
Mono config path = 'C:/Program Files/Unity/Hub/Editor/2020.3.2f1/Editor/Data/MonoBleedingEdge/etc'
Using monoOptions --debugger-agent=transport=dt_socket,embedding=1,server=y,suspend=n,address=127.0.0.1:56628
Begin MonoManager ReloadAssembly
Registering precompiled unity dll's ...
Register platform support module: C:/Program Files/Unity/Hub/Editor/2020.3.2f1/Editor/Data/PlaybackEngines/WebGLSupport/UnityEditor.WebGL.Extensions.dll
Register platform support module: C:/Program Files/Unity/Hub/Editor/2020.3.2f1/Editor/Data/PlaybackEngines/WindowsStandaloneSupport/UnityEditor.WindowsStandalone.Extensions.dll
Registered in 0.004056 seconds.
Native extension for WindowsStandalone target not found
Native extension for WebGL target not found
Refreshing native plugins compatible for Editor in 80.97 ms, found 1 plugins.
Preloading 0 native plugins for Editor in 0.00 ms.
Invoked RoslynAnalysisRunner static constructor.
RoslynAnalysisRunner will not be running.
RoslynAnalysisRunner has terminated.
Mono: successfully reloaded assembly
- Completed reload, in  1.890 seconds
Platform modules already initialized, skipping
Registering precompiled user dll's ...
Registered in 0.000900 seconds.
Begin MonoManager ReloadAssembly
Native extension for WindowsStandalone target not found
Native extension for WebGL target not found
Refreshing native plugins compatible for Editor in 44.49 ms, found 1 plugins.
Preloading 0 native plugins for Editor in 0.00 ms.
Invoked RoslynAnalysisRunner static constructor.
RoslynAnalysisRunner will not be running.
RoslynAnalysisRunner has terminated.
Mono: successfully reloaded assembly
- Completed reload, in  1.172 seconds
Platform modules already initialized, skipping
========================================================================
Worker process is ready to serve import requests
Launched and connected shader compiler UnityShaderCompiler.exe after 0.11 seconds
Refreshing native plugins compatible for Editor in 0.39 ms, found 1 plugins.
Preloading 0 native plugins for Editor in 0.00 ms.
Unloading 1849 Unused Serialized files (Serialized files now loaded: 0)
System memory in use before: 106.9 MB.
System memory in use after: 106.9 MB.

Unloading 22 unused Assets to reduce memory usage. Loaded Objects now: 2314.
Total: 2.899000 ms (FindLiveObjects: 0.311800 ms CreateObjectMapping: 0.224000 ms MarkObjects: 2.205200 ms  DeleteObjects: 0.157100 ms)

========================================================================
Received Import Request.
  path: Assets/Scripts/UI/Counters/Clock.cs
  artifactKey: Guid(e2f0edeae1a0535428fee92b4a932daf) Importer(815301076,1909f56bfc062723c751e8b465ee728b)
Start importing Assets/Scripts/UI/Counters/Clock.cs using Guid(e2f0edeae1a0535428fee92b4a932daf) Importer(815301076,1909f56bfc062723c751e8b465ee728b)  -> (artifact id: '2ff1130a429061f0d8cf38e611c7578f') in 0.111451 seconds
  Import took 0.115097 seconds .

========================================================================
Received Prepare
Registering precompiled user dll's ...
Registered in 0.000904 seconds.
Begin MonoManager ReloadAssembly
Native extension for WindowsStandalone target not found
Native extension for WebGL target not found
Refreshing native plugins compatible for Editor in 0.36 ms, found 1 plugins.
Preloading 0 native plugins for Editor in 0.00 ms.
Invoked RoslynAnalysisRunner static constructor.
RoslynAnalysisRunner will not be running.
RoslynAnalysisRunner has terminated.
Mono: successfully reloaded assembly
- Completed reload, in  1.063 seconds
Platform modules already initialized, skipping
Refreshing native plugins compatible for Editor in 0.39 ms, found 1 plugins.
Preloading 0 native plugins for Editor in 0.00 ms.
Unloading 1830 Unused Serialized files (Serialized files now loaded: 0)
System memory in use before: 105.5 MB.
System memory in use after: 105.5 MB.

Unloading 11 unused Assets to reduce memory usage. Loaded Objects now: 2318.
Total: 2.600800 ms (FindLiveObjects: 0.205900 ms CreateObjectMapping: 0.103000 ms MarkObjects: 2.128400 ms  DeleteObjects: 0.162400 ms)

========================================================================
Received Import Request.
  Time since last request: 202.359922 seconds.
  path: Assets/Scripts/UI/Counters/SleepBar.cs
  artifactKey: Guid(be1f15938fdb7c94c93a3339e269d215) Importer(815301076,1909f56bfc062723c751e8b465ee728b)
Start importing Assets/Scripts/UI/Counters/SleepBar.cs using Guid(be1f15938fdb7c94c93a3339e269d215) Importer(815301076,1909f56bfc062723c751e8b465ee728b)  -> (artifact id: '98b92ca32677befeb96eef22ed47063d') in 0.014970 seconds
  Import took 0.020488 seconds .

========================================================================
Received Prepare
Registering precompiled user dll's ...
Registered in 0.000836 seconds.
Begin MonoManager ReloadAssembly
Native extension for WindowsStandalone target not found
Native extension for WebGL target not found
Refreshing native plugins compatible for Editor in 0.38 ms, found 1 plugins.
Preloading 0 native plugins for Editor in 0.00 ms.
Invoked RoslynAnalysisRunner static constructor.
RoslynAnalysisRunner will not be running.
RoslynAnalysisRunner has terminated.
Mono: successfully reloaded assembly
- Completed reload, in  1.217 seconds
Platform modules already initialized, skipping
Refreshing native plugins compatible for Editor in 0.40 ms, found 1 plugins.
Preloading 0 native plugins for Editor in 0.00 ms.
Unloading 1831 Unused Serialized files (Serialized files now loaded: 0)
System memory in use before: 105.6 MB.
System memory in use after: 105.6 MB.

Unloading 11 unused Assets to reduce memory usage. Loaded Objects now: 2323.
Total: 2.687700 ms (FindLiveObjects: 0.455600 ms CreateObjectMapping: 0.187100 ms MarkObjects: 1.892200 ms  DeleteObjects: 0.151200 ms)

========================================================================
Received Prepare
Registering precompiled user dll's ...
Registered in 0.000835 seconds.
Begin MonoManager ReloadAssembly
Native extension for WindowsStandalone target not found
Native extension for WebGL target not found
Refreshing native plugins compatible for Editor in 0.39 ms, found 1 plugins.
Preloading 0 native plugins for Editor in 0.00 ms.
Invoked RoslynAnalysisRunner static constructor.
RoslynAnalysisRunner will not be running.
RoslynAnalysisRunner has terminated.
Mono: successfully reloaded assembly
- Completed reload, in  1.100 seconds
Platform modules already initialized, skipping
Refreshing native plugins compatible for Editor in 0.41 ms, found 1 plugins.
Preloading 0 native plugins for Editor in 0.00 ms.
Unloading 1831 Unused Serialized files (Serialized files now loaded: 0)
System memory in use before: 105.6 MB.
System memory in use after: 105.6 MB.

Unloading 11 unused Assets to reduce memory usage. Loaded Objects now: 2327.
Total: 2.210300 ms (FindLiveObjects: 0.240800 ms CreateObjectMapping: 0.083400 ms MarkObjects: 1.779200 ms  DeleteObjects: 0.105700 ms)

========================================================================
Received Import Request.
  Time since last request: 310.105135 seconds.
  path: Assets/Scripts/UI/Counters/SleepBar.cs
  artifactKey: Guid(be1f15938fdb7c94c93a3339e269d215) Importer(815301076,1909f56bfc062723c751e8b465ee728b)
Start importing Assets/Scripts/UI/Counters/SleepBar.cs using Guid(be1f15938fdb7c94c93a3339e269d215) Importer(815301076,1909f56bfc062723c751e8b465ee728b)  -> (artifact id: 'dd092d8683de55ef12288f5870b2fcb2') in 0.005539 seconds
  Import took 0.009804 seconds .

========================================================================
Received Prepare
Registering precompiled user dll's ...
Registered in 0.000887 seconds.
Begin MonoManager ReloadAssembly
Native extension for WindowsStandalone target not found
Native extension for WebGL target not found
Refreshing native plugins compatible for Editor in 0.62 ms, found 1 plugins.
Preloading 0 native plugins for Editor in 0.00 ms.
Invoked RoslynAnalysisRunner static constructor.
RoslynAnalysisRunner will not be running.
RoslynAnalysisRunner has terminated.
Mono: successfully reloaded assembly
- Completed reload, in  1.152 seconds
Platform modules already initialized, skipping
Refreshing native plugins compatible for Editor in 0.38 ms, found 1 plugins.
Preloading 0 native plugins for Editor in 0.00 ms.
Unloading 1831 Unused Serialized files (Serialized files now loaded: 0)
System memory in use before: 105.6 MB.
System memory in use after: 105.6 MB.

Unloading 11 unused Assets to reduce memory usage. Loaded Objects now: 2331.
Total: 2.576500 ms (FindLiveObjects: 0.379100 ms CreateObjectMapping: 0.083900 ms MarkObjects: 1.942600 ms  DeleteObjects: 0.169300 ms)

========================================================================
Received Prepare
Registering precompiled user dll's ...
Registered in 0.000824 seconds.
Begin MonoManager ReloadAssembly
Native extension for WindowsStandalone target not found
Native extension for WebGL target not found
Refreshing native plugins compatible for Editor in 0.38 ms, found 1 plugins.
Preloading 0 native plugins for Editor in 0.00 ms.
Invoked RoslynAnalysisRunner static constructor.
RoslynAnalysisRunner will not be running.
RoslynAnalysisRunner has terminated.
Mono: successfully reloaded assembly
- Completed reload, in  1.066 seconds
Platform modules already initialized, skipping
Refreshing native plugins compatible for Editor in 0.38 ms, found 1 plugins.
Preloading 0 native plugins for Editor in 0.00 ms.
Unloading 1831 Unused Serialized files (Serialized files now loaded: 0)
System memory in use before: 105.6 MB.
System memory in use after: 105.6 MB.

Unloading 11 unused Assets to reduce memory usage. Loaded Objects now: 2335.
Total: 2.325700 ms (FindLiveObjects: 0.385600 ms CreateObjectMapping: 0.104100 ms MarkObjects: 1.732400 ms  DeleteObjects: 0.102400 ms)

========================================================================
Received Prepare
Registering precompiled user dll's ...
Registered in 0.000881 seconds.
Begin MonoManager ReloadAssembly
Native extension for WindowsStandalone target not found
Native extension for WebGL target not found
Refreshing native plugins compatible for Editor in 0.37 ms, found 1 plugins.
Preloading 0 native plugins for Editor in 0.00 ms.
Invoked RoslynAnalysisRunner static constructor.
RoslynAnalysisRunner will not be running.
RoslynAnalysisRunner has terminated.
Mono: successfully reloaded assembly
- Completed reload, in  1.083 seconds
Platform modules already initialized, skipping
Refreshing native plugins compatible for Editor in 0.36 ms, found 1 plugins.
Preloading 0 native plugins for Editor in 0.00 ms.
Unloading 1831 Unused Serialized files (Serialized files now loaded: 0)
System memory in use before: 105.6 MB.
System memory in use after: 105.6 MB.

Unloading 11 unused Assets to reduce memory usage. Loaded Objects now: 2339.
Total: 2.912200 ms (FindLiveObjects: 0.202500 ms CreateObjectMapping: 0.084800 ms MarkObjects: 2.458100 ms  DeleteObjects: 0.164900 ms)

========================================================================
Received Prepare
Registering precompiled user dll's ...
Registered in 0.001371 seconds.
Begin MonoManager ReloadAssembly
Native extension for WindowsStandalone target not found
Native extension for WebGL target not found
Refreshing native plugins compatible for Editor in 0.38 ms, found 1 plugins.
Preloading 0 native plugins for Editor in 0.00 ms.
Invoked RoslynAnalysisRunner static constructor.
RoslynAnalysisRunner will not be running.
RoslynAnalysisRunner has terminated.
Mono: successfully reloaded assembly
- Completed reload, in  1.196 seconds
Platform modules already initialized, skipping
Refreshing native plugins compatible for Editor in 0.44 ms, found 1 plugins.
Preloading 0 native plugins for Editor in 0.00 ms.
Unloading 1831 Unused Serialized files (Serialized files now loaded: 0)
System memory in use before: 105.6 MB.
System memory in use after: 105.6 MB.

Unloading 11 unused Assets to reduce memory usage. Loaded Objects now: 2343.
Total: 2.318000 ms (FindLiveObjects: 0.316600 ms CreateObjectMapping: 0.124700 ms MarkObjects: 1.765500 ms  DeleteObjects: 0.109900 ms)

========================================================================
Received Prepare
Registering precompiled user dll's ...
Registered in 0.000895 seconds.
Begin MonoManager ReloadAssembly
Native extension for WindowsStandalone target not found
Native extension for WebGL target not found
Refreshing native plugins compatible for Editor in 0.58 ms, found 1 plugins.
Preloading 0 native plugins for Editor in 0.00 ms.
Invoked RoslynAnalysisRunner static constructor.
RoslynAnalysisRunner will not be running.
RoslynAnalysisRunner has terminated.
Mono: successfully reloaded assembly
- Completed reload, in  1.068 seconds
Platform modules already initialized, skipping
Refreshing native plugins compatible for Editor in 0.37 ms, found 1 plugins.
Preloading 0 native plugins for Editor in 0.00 ms.
Unloading 1831 Unused Serialized files (Serialized files now loaded: 0)
System memory in use before: 105.6 MB.
System memory in use after: 105.7 MB.

Unloading 11 unused Assets to reduce memory usage. Loaded Objects now: 2347.
Total: 2.198100 ms (FindLiveObjects: 0.309100 ms CreateObjectMapping: 0.084000 ms MarkObjects: 1.689600 ms  DeleteObjects: 0.114000 ms)

========================================================================
Received Prepare
Registering precompiled user dll's ...
Registered in 0.001205 seconds.
Begin MonoManager ReloadAssembly
Native extension for WindowsStandalone target not found
Native extension for WebGL target not found
Refreshing native plugins compatible for Editor in 0.73 ms, found 1 plugins.
Preloading 0 native plugins for Editor in 0.00 ms.
Invoked RoslynAnalysisRunner static constructor.
RoslynAnalysisRunner will not be running.
RoslynAnalysisRunner has terminated.
Mono: successfully reloaded assembly
- Completed reload, in  1.411 seconds
Platform modules already initialized, skipping
Refreshing native plugins compatible for Editor in 0.47 ms, found 1 plugins.
Preloading 0 native plugins for Editor in 0.00 ms.
Unloading 1831 Unused Serialized files (Serialized files now loaded: 0)
System memory in use before: 105.6 MB.
System memory in use after: 105.7 MB.

Unloading 11 unused Assets to reduce memory usage. Loaded Objects now: 2351.
Total: 2.645300 ms (FindLiveObjects: 0.304000 ms CreateObjectMapping: 0.129400 ms MarkObjects: 2.092700 ms  DeleteObjects: 0.117800 ms)

========================================================================
Received Prepare
Registering precompiled user dll's ...
Registered in 0.000867 seconds.
Begin MonoManager ReloadAssembly
Native extension for WindowsStandalone target not found
Native extension for WebGL target not found
Refreshing native plugins compatible for Editor in 0.42 ms, found 1 plugins.
Preloading 0 native plugins for Editor in 0.00 ms.
Invoked RoslynAnalysisRunner static constructor.
RoslynAnalysisRunner will not be running.
RoslynAnalysisRunner has terminated.
Mono: successfully reloaded assembly
- Completed reload, in  1.228 seconds
Platform modules already initialized, skipping
Refreshing native plugins compatible for Editor in 0.37 ms, found 1 plugins.
Preloading 0 native plugins for Editor in 0.00 ms.
Unloading 1831 Unused Serialized files (Serialized files now loaded: 0)
System memory in use before: 105.7 MB.
System memory in use after: 105.7 MB.

Unloading 11 unused Assets to reduce memory usage. Loaded Objects now: 2355.
Total: 3.088100 ms (FindLiveObjects: 0.457500 ms CreateObjectMapping: 0.180500 ms MarkObjects: 2.343200 ms  DeleteObjects: 0.105500 ms)

========================================================================
Received Prepare
Registering precompiled user dll's ...
Registered in 0.001473 seconds.
Begin MonoManager ReloadAssembly
Native extension for WindowsStandalone target not found
Native extension for WebGL target not found
Refreshing native plugins compatible for Editor in 0.77 ms, found 1 plugins.
Preloading 0 native plugins for Editor in 0.00 ms.
Invoked RoslynAnalysisRunner static constructor.
RoslynAnalysisRunner will not be running.
RoslynAnalysisRunner has terminated.
Mono: successfully reloaded assembly
- Completed reload, in  1.294 seconds
Platform modules already initialized, skipping
Refreshing native plugins compatible for Editor in 0.47 ms, found 1 plugins.
Preloading 0 native plugins for Editor in 0.00 ms.
Unloading 1831 Unused Serialized files (Serialized files now loaded: 0)
System memory in use before: 105.7 MB.
System memory in use after: 105.7 MB.

Unloading 11 unused Assets to reduce memory usage. Loaded Objects now: 2359.
Total: 3.155300 ms (FindLiveObjects: 0.370000 ms CreateObjectMapping: 0.234700 ms MarkObjects: 2.418000 ms  DeleteObjects: 0.130800 ms)

========================================================================
Received Prepare
Registering precompiled user dll's ...
Registered in 0.001304 seconds.
Begin MonoManager ReloadAssembly
Native extension for WindowsStandalone target not found
Native extension for WebGL target not found
Refreshing native plugins compatible for Editor in 0.49 ms, found 1 plugins.
Preloading 0 native plugins for Editor in 0.00 ms.
Invoked RoslynAnalysisRunner static constructor.
RoslynAnalysisRunner will not be running.
RoslynAnalysisRunner has terminated.
Mono: successfully reloaded assembly
- Completed reload, in  1.050 seconds
Platform modules already initialized, skipping
Refreshing native plugins compatible for Editor in 0.39 ms, found 1 plugins.
Preloading 0 native plugins for Editor in 0.00 ms.
Unloading 1831 Unused Serialized files (Serialized files now loaded: 0)
System memory in use before: 105.7 MB.
System memory in use after: 105.7 MB.

Unloading 11 unused Assets to reduce memory usage. Loaded Objects now: 2363.
Total: 2.333100 ms (FindLiveObjects: 0.234900 ms CreateObjectMapping: 0.109200 ms MarkObjects: 1.874400 ms  DeleteObjects: 0.113300 ms)

========================================================================
Received Prepare
Registering precompiled user dll's ...
Registered in 0.001719 seconds.
Begin MonoManager ReloadAssembly
Native extension for WindowsStandalone target not found
Native extension for WebGL target not found
Refreshing native plugins compatible for Editor in 0.39 ms, found 1 plugins.
Preloading 0 native plugins for Editor in 0.00 ms.
Invoked RoslynAnalysisRunner static constructor.
RoslynAnalysisRunner will not be running.
RoslynAnalysisRunner has terminated.
Mono: successfully reloaded assembly
- Completed reload, in  1.179 seconds
Platform modules already initialized, skipping
Refreshing native plugins compatible for Editor in 0.40 ms, found 1 plugins.
Preloading 0 native plugins for Editor in 0.00 ms.
Unloading 1831 Unused Serialized files (Serialized files now loaded: 0)
System memory in use before: 105.7 MB.
System memory in use after: 105.7 MB.

Unloading 11 unused Assets to reduce memory usage. Loaded Objects now: 2367.
Total: 2.398800 ms (FindLiveObjects: 0.199700 ms CreateObjectMapping: 0.078300 ms MarkObjects: 1.984100 ms  DeleteObjects: 0.135700 ms)

========================================================================
Received Prepare
Registering precompiled user dll's ...
Registered in 0.001347 seconds.
Begin MonoManager ReloadAssembly
Native extension for WindowsStandalone target not found
Native extension for WebGL target not found
Refreshing native plugins compatible for Editor in 0.38 ms, found 1 plugins.
Preloading 0 native plugins for Editor in 0.00 ms.
Invoked RoslynAnalysisRunner static constructor.
RoslynAnalysisRunner will not be running.
RoslynAnalysisRunner has terminated.
Mono: successfully reloaded assembly
- Completed reload, in  1.009 seconds
Platform modules already initialized, skipping
Refreshing native plugins compatible for Editor in 0.41 ms, found 1 plugins.
Preloading 0 native plugins for Editor in 0.00 ms.
Unloading 1831 Unused Serialized files (Serialized files now loaded: 0)
System memory in use before: 105.7 MB.
System memory in use after: 105.7 MB.

Unloading 11 unused Assets to reduce memory usage. Loaded Objects now: 2371.
Total: 2.460200 ms (FindLiveObjects: 0.280200 ms CreateObjectMapping: 0.109500 ms MarkObjects: 1.970400 ms  DeleteObjects: 0.099000 ms)

========================================================================
Received Import Request.
  Time since last request: 2188.646346 seconds.
  path: Assets/Activities/Sleep.asset
  artifactKey: Guid(181316d6699513b4d8de90d12d251209) Importer(815301076,1909f56bfc062723c751e8b465ee728b)
Start importing Assets/Activities/Sleep.asset using Guid(181316d6699513b4d8de90d12d251209) Importer(815301076,1909f56bfc062723c751e8b465ee728b)  -> (artifact id: '61210f3a06e21b2aad65e55491a5e5d1') in 0.023095 seconds
  Import took 0.026690 seconds .

========================================================================
Received Prepare
Registering precompiled user dll's ...
Registered in 0.001307 seconds.
Begin MonoManager ReloadAssembly
Native extension for WindowsStandalone target not found
Native extension for WebGL target not found
Refreshing native plugins compatible for Editor in 0.36 ms, found 1 plugins.
Preloading 0 native plugins for Editor in 0.00 ms.
Invoked RoslynAnalysisRunner static constructor.
RoslynAnalysisRunner will not be running.
RoslynAnalysisRunner has terminated.
Mono: successfully reloaded assembly
- Completed reload, in  1.065 seconds
Platform modules already initialized, skipping
Refreshing native plugins compatible for Editor in 0.41 ms, found 1 plugins.
Preloading 0 native plugins for Editor in 0.00 ms.
Unloading 1831 Unused Serialized files (Serialized files now loaded: 0)
System memory in use before: 105.7 MB.
System memory in use after: 105.7 MB.

Unloading 11 unused Assets to reduce memory usage. Loaded Objects now: 2375.
Total: 2.798500 ms (FindLiveObjects: 0.195400 ms CreateObjectMapping: 0.067800 ms MarkObjects: 2.424300 ms  DeleteObjects: 0.106700 ms)

========================================================================
Received Prepare
Registering precompiled user dll's ...
Registered in 0.000885 seconds.
Begin MonoManager ReloadAssembly
Native extension for WindowsStandalone target not found
Native extension for WebGL target not found
Refreshing native plugins compatible for Editor in 0.44 ms, found 1 plugins.
Preloading 0 native plugins for Editor in 0.00 ms.
Invoked RoslynAnalysisRunner static constructor.
RoslynAnalysisRunner will not be running.
RoslynAnalysisRunner has terminated.
Mono: successfully reloaded assembly
- Completed reload, in  1.297 seconds
Platform modules already initialized, skipping
Refreshing native plugins compatible for Editor in 0.50 ms, found 1 plugins.
Preloading 0 native plugins for Editor in 0.00 ms.
Unloading 1831 Unused Serialized files (Serialized files now loaded: 0)
System memory in use before: 105.7 MB.
System memory in use after: 105.7 MB.

Unloading 11 unused Assets to reduce memory usage. Loaded Objects now: 2379.
Total: 3.327800 ms (FindLiveObjects: 0.525900 ms CreateObjectMapping: 0.235700 ms MarkObjects: 2.435000 ms  DeleteObjects: 0.127900 ms)

========================================================================
Received Prepare
Registering precompiled user dll's ...
Registered in 0.000833 seconds.
Begin MonoManager ReloadAssembly
Native extension for WindowsStandalone target not found
Native extension for WebGL target not found
Refreshing native plugins compatible for Editor in 0.76 ms, found 1 plugins.
Preloading 0 native plugins for Editor in 0.00 ms.
Invoked RoslynAnalysisRunner static constructor.
RoslynAnalysisRunner will not be running.
RoslynAnalysisRunner has terminated.
Mono: successfully reloaded assembly
- Completed reload, in  1.451 seconds
Platform modules already initialized, skipping
Refreshing native plugins compatible for Editor in 0.49 ms, found 1 plugins.
Preloading 0 native plugins for Editor in 0.00 ms.
Unloading 1831 Unused Serialized files (Serialized files now loaded: 0)
System memory in use before: 105.7 MB.
System memory in use after: 105.7 MB.

Unloading 11 unused Assets to reduce memory usage. Loaded Objects now: 2383.
Total: 3.595100 ms (FindLiveObjects: 0.656000 ms CreateObjectMapping: 0.344000 ms MarkObjects: 2.385600 ms  DeleteObjects: 0.206800 ms)

========================================================================
Received Prepare
Registering precompiled user dll's ...
Registered in 0.000908 seconds.
Begin MonoManager ReloadAssembly
Native extension for WindowsStandalone target not found
Native extension for WebGL target not found
Refreshing native plugins compatible for Editor in 1.25 ms, found 1 plugins.
Preloading 0 native plugins for Editor in 0.00 ms.
Invoked RoslynAnalysisRunner static constructor.
RoslynAnalysisRunner will not be running.
RoslynAnalysisRunner has terminated.
Mono: successfully reloaded assembly
- Completed reload, in  1.199 seconds
Platform modules already initialized, skipping
Refreshing native plugins compatible for Editor in 0.40 ms, found 1 plugins.
Preloading 0 native plugins for Editor in 0.00 ms.
Unloading 1831 Unused Serialized files (Serialized files now loaded: 0)
System memory in use before: 105.7 MB.
System memory in use after: 105.7 MB.

Unloading 11 unused Assets to reduce memory usage. Loaded Objects now: 2387.
Total: 2.544700 ms (FindLiveObjects: 0.314600 ms CreateObjectMapping: 0.116400 ms MarkObjects: 1.945500 ms  DeleteObjects: 0.165900 ms)

========================================================================
Received Prepare
Registering precompiled user dll's ...
Registered in 0.001022 seconds.
Begin MonoManager ReloadAssembly
Native extension for WindowsStandalone target not found
Native extension for WebGL target not found
Refreshing native plugins compatible for Editor in 0.67 ms, found 1 plugins.
Preloading 0 native plugins for Editor in 0.00 ms.
Invoked RoslynAnalysisRunner static constructor.
RoslynAnalysisRunner will not be running.
RoslynAnalysisRunner has terminated.
Mono: successfully reloaded assembly
- Completed reload, in  1.442 seconds
Platform modules already initialized, skipping
Refreshing native plugins compatible for Editor in 0.62 ms, found 1 plugins.
Preloading 0 native plugins for Editor in 0.00 ms.
Unloading 1831 Unused Serialized files (Serialized files now loaded: 0)
System memory in use before: 105.7 MB.
System memory in use after: 105.8 MB.

Unloading 11 unused Assets to reduce memory usage. Loaded Objects now: 2391.
Total: 3.186900 ms (FindLiveObjects: 0.447300 ms CreateObjectMapping: 0.245000 ms MarkObjects: 2.374400 ms  DeleteObjects: 0.118200 ms)

========================================================================
Received Prepare
Registering precompiled user dll's ...
Registered in 0.001484 seconds.
Begin MonoManager ReloadAssembly
Native extension for WindowsStandalone target not found
Native extension for WebGL target not found
Refreshing native plugins compatible for Editor in 0.37 ms, found 1 plugins.
Preloading 0 native plugins for Editor in 0.00 ms.
Invoked RoslynAnalysisRunner static constructor.
RoslynAnalysisRunner will not be running.
RoslynAnalysisRunner has terminated.
Mono: successfully reloaded assembly
- Completed reload, in  1.044 seconds
Platform modules already initialized, skipping
Refreshing native plugins compatible for Editor in 0.52 ms, found 1 plugins.
Preloading 0 native plugins for Editor in 0.00 ms.
Unloading 1831 Unused Serialized files (Serialized files now loaded: 0)
System memory in use before: 105.8 MB.
System memory in use after: 105.8 MB.

Unloading 11 unused Assets to reduce memory usage. Loaded Objects now: 2395.
Total: 3.092700 ms (FindLiveObjects: 0.311200 ms CreateObjectMapping: 0.099800 ms MarkObjects: 2.562600 ms  DeleteObjects: 0.117600 ms)

========================================================================
Received Prepare
Registering precompiled user dll's ...
Registered in 0.003069 seconds.
Begin MonoManager ReloadAssembly
Native extension for WindowsStandalone target not found
Native extension for WebGL target not found
Refreshing native plugins compatible for Editor in 0.41 ms, found 1 plugins.
Preloading 0 native plugins for Editor in 0.00 ms.
Invoked RoslynAnalysisRunner static constructor.
RoslynAnalysisRunner will not be running.
RoslynAnalysisRunner has terminated.
Mono: successfully reloaded assembly
- Completed reload, in  1.136 seconds
Platform modules already initialized, skipping
Refreshing native plugins compatible for Editor in 0.40 ms, found 1 plugins.
Preloading 0 native plugins for Editor in 0.00 ms.
Unloading 1831 Unused Serialized files (Serialized files now loaded: 0)
System memory in use before: 105.8 MB.
System memory in use after: 105.8 MB.

Unloading 11 unused Assets to reduce memory usage. Loaded Objects now: 2399.
Total: 2.142500 ms (FindLiveObjects: 0.185900 ms CreateObjectMapping: 0.078200 ms MarkObjects: 1.743700 ms  DeleteObjects: 0.133800 ms)

========================================================================
Received Prepare
Registering precompiled user dll's ...
Registered in 0.000820 seconds.
Begin MonoManager ReloadAssembly
Native extension for WindowsStandalone target not found
Native extension for WebGL target not found
Refreshing native plugins compatible for Editor in 0.45 ms, found 1 plugins.
Preloading 0 native plugins for Editor in 0.00 ms.
Invoked RoslynAnalysisRunner static constructor.
RoslynAnalysisRunner will not be running.
RoslynAnalysisRunner has terminated.
Mono: successfully reloaded assembly
- Completed reload, in  1.273 seconds
Platform modules already initialized, skipping
Refreshing native plugins compatible for Editor in 0.44 ms, found 1 plugins.
Preloading 0 native plugins for Editor in 0.00 ms.
Unloading 1831 Unused Serialized files (Serialized files now loaded: 0)
System memory in use before: 105.8 MB.
System memory in use after: 105.8 MB.

Unloading 11 unused Assets to reduce memory usage. Loaded Objects now: 2403.
Total: 3.549900 ms (FindLiveObjects: 0.339000 ms CreateObjectMapping: 0.114500 ms MarkObjects: 2.930800 ms  DeleteObjects: 0.163500 ms)

========================================================================
Received Prepare
Registering precompiled user dll's ...
Registered in 0.000846 seconds.
Begin MonoManager ReloadAssembly
Native extension for WindowsStandalone target not found
Native extension for WebGL target not found
Refreshing native plugins compatible for Editor in 0.71 ms, found 1 plugins.
Preloading 0 native plugins for Editor in 0.00 ms.
Invoked RoslynAnalysisRunner static constructor.
RoslynAnalysisRunner will not be running.
RoslynAnalysisRunner has terminated.
Mono: successfully reloaded assembly
- Completed reload, in  1.357 seconds
Platform modules already initialized, skipping
Refreshing native plugins compatible for Editor in 0.45 ms, found 1 plugins.
Preloading 0 native plugins for Editor in 0.00 ms.
Unloading 1831 Unused Serialized files (Serialized files now loaded: 0)
System memory in use before: 105.8 MB.
System memory in use after: 105.8 MB.

Unloading 11 unused Assets to reduce memory usage. Loaded Objects now: 2407.
Total: 3.255800 ms (FindLiveObjects: 0.360100 ms CreateObjectMapping: 0.143400 ms MarkObjects: 2.503400 ms  DeleteObjects: 0.246600 ms)

========================================================================
Received Prepare
Registering precompiled user dll's ...
Registered in 0.000970 seconds.
Begin MonoManager ReloadAssembly
Native extension for WindowsStandalone target not found
Native extension for WebGL target not found
Refreshing native plugins compatible for Editor in 1.85 ms, found 1 plugins.
Preloading 0 native plugins for Editor in 0.00 ms.
Invoked RoslynAnalysisRunner static constructor.
RoslynAnalysisRunner will not be running.
RoslynAnalysisRunner has terminated.
Mono: successfully reloaded assembly
- Completed reload, in  1.409 seconds
Platform modules already initialized, skipping
Refreshing native plugins compatible for Editor in 0.44 ms, found 1 plugins.
Preloading 0 native plugins for Editor in 0.00 ms.
Unloading 1831 Unused Serialized files (Serialized files now loaded: 0)
System memory in use before: 105.8 MB.
System memory in use after: 105.8 MB.

Unloading 11 unused Assets to reduce memory usage. Loaded Objects now: 2411.
Total: 2.622600 ms (FindLiveObjects: 0.205500 ms CreateObjectMapping: 0.086000 ms MarkObjects: 2.161800 ms  DeleteObjects: 0.168300 ms)

========================================================================
Received Prepare
Registering precompiled user dll's ...
Registered in 0.001339 seconds.
Begin MonoManager ReloadAssembly
Native extension for WindowsStandalone target not found
Native extension for WebGL target not found
Refreshing native plugins compatible for Editor in 0.40 ms, found 1 plugins.
Preloading 0 native plugins for Editor in 0.00 ms.
Invoked RoslynAnalysisRunner static constructor.
RoslynAnalysisRunner will not be running.
RoslynAnalysisRunner has terminated.
Mono: successfully reloaded assembly
- Completed reload, in  1.185 seconds
Platform modules already initialized, skipping
Refreshing native plugins compatible for Editor in 0.38 ms, found 1 plugins.
Preloading 0 native plugins for Editor in 0.00 ms.
Unloading 1831 Unused Serialized files (Serialized files now loaded: 0)
System memory in use before: 105.8 MB.
System memory in use after: 105.8 MB.

Unloading 11 unused Assets to reduce memory usage. Loaded Objects now: 2415.
Total: 2.658600 ms (FindLiveObjects: 0.253300 ms CreateObjectMapping: 0.077600 ms MarkObjects: 2.195600 ms  DeleteObjects: 0.130900 ms)

========================================================================
Received Prepare
Registering precompiled user dll's ...
Registered in 0.001344 seconds.
Begin MonoManager ReloadAssembly
Native extension for WindowsStandalone target not found
Native extension for WebGL target not found
Refreshing native plugins compatible for Editor in 0.41 ms, found 1 plugins.
Preloading 0 native plugins for Editor in 0.00 ms.
Invoked RoslynAnalysisRunner static constructor.
RoslynAnalysisRunner will not be running.
RoslynAnalysisRunner has terminated.
Mono: successfully reloaded assembly
- Completed reload, in  1.129 seconds
Platform modules already initialized, skipping
Refreshing native plugins compatible for Editor in 0.41 ms, found 1 plugins.
Preloading 0 native plugins for Editor in 0.00 ms.
Unloading 1831 Unused Serialized files (Serialized files now loaded: 0)
System memory in use before: 105.8 MB.
System memory in use after: 105.8 MB.

Unloading 11 unused Assets to reduce memory usage. Loaded Objects now: 2419.
Total: 2.794300 ms (FindLiveObjects: 0.363700 ms CreateObjectMapping: 0.153000 ms MarkObjects: 2.070900 ms  DeleteObjects: 0.205400 ms)

========================================================================
Received Prepare
Registering precompiled user dll's ...
Registered in 0.000882 seconds.
Begin MonoManager ReloadAssembly
Native extension for WindowsStandalone target not found
Native extension for WebGL target not found
Refreshing native plugins compatible for Editor in 0.59 ms, found 1 plugins.
Preloading 0 native plugins for Editor in 0.00 ms.
Invoked RoslynAnalysisRunner static constructor.
RoslynAnalysisRunner will not be running.
RoslynAnalysisRunner has terminated.
Mono: successfully reloaded assembly
- Completed reload, in  1.097 seconds
Platform modules already initialized, skipping
Refreshing native plugins compatible for Editor in 0.37 ms, found 1 plugins.
Preloading 0 native plugins for Editor in 0.00 ms.
Unloading 1831 Unused Serialized files (Serialized files now loaded: 0)
System memory in use before: 105.8 MB.
System memory in use after: 105.8 MB.

Unloading 11 unused Assets to reduce memory usage. Loaded Objects now: 2423.
Total: 2.200900 ms (FindLiveObjects: 0.290000 ms CreateObjectMapping: 0.071300 ms MarkObjects: 1.739000 ms  DeleteObjects: 0.099400 ms)

========================================================================
Received Import Request.
  Time since last request: 1357.303344 seconds.
  path: Assets/Activities/ChangeCustome.asset
  artifactKey: Guid(6c3c427526bd4bf48ade6628912b351b) Importer(815301076,1909f56bfc062723c751e8b465ee728b)
Start importing Assets/Activities/ChangeCustome.asset using Guid(6c3c427526bd4bf48ade6628912b351b) Importer(815301076,1909f56bfc062723c751e8b465ee728b)  -> (artifact id: '78be9de3a5a766f283f422c0680871e6') in 0.018419 seconds
  Import took 0.021969 seconds .

========================================================================
Received Prepare
Registering precompiled user dll's ...
Registered in 0.000864 seconds.
Begin MonoManager ReloadAssembly
Native extension for WindowsStandalone target not found
Native extension for WebGL target not found
Refreshing native plugins compatible for Editor in 0.38 ms, found 1 plugins.
Preloading 0 native plugins for Editor in 0.00 ms.
Invoked RoslynAnalysisRunner static constructor.
RoslynAnalysisRunner will not be running.
RoslynAnalysisRunner has terminated.
Mono: successfully reloaded assembly
- Completed reload, in  0.986 seconds
Platform modules already initialized, skipping
Refreshing native plugins compatible for Editor in 0.61 ms, found 1 plugins.
Preloading 0 native plugins for Editor in 0.00 ms.
Unloading 1831 Unused Serialized files (Serialized files now loaded: 0)
System memory in use before: 105.8 MB.
System memory in use after: 105.8 MB.

Unloading 11 unused Assets to reduce memory usage. Loaded Objects now: 2427.
Total: 2.101100 ms (FindLiveObjects: 0.205300 ms CreateObjectMapping: 0.080100 ms MarkObjects: 1.702500 ms  DeleteObjects: 0.111700 ms)

========================================================================
Received Prepare
Registering precompiled user dll's ...
Registered in 0.000830 seconds.
Begin MonoManager ReloadAssembly
Native extension for WindowsStandalone target not found
Native extension for WebGL target not found
Refreshing native plugins compatible for Editor in 0.38 ms, found 1 plugins.
Preloading 0 native plugins for Editor in 0.00 ms.
Invoked RoslynAnalysisRunner static constructor.
RoslynAnalysisRunner will not be running.
RoslynAnalysisRunner has terminated.
Mono: successfully reloaded assembly
- Completed reload, in  1.341 seconds
Platform modules already initialized, skipping
Refreshing native plugins compatible for Editor in 0.39 ms, found 1 plugins.
Preloading 0 native plugins for Editor in 0.00 ms.
Unloading 1832 Unused Serialized files (Serialized files now loaded: 0)
System memory in use before: 105.8 MB.
System memory in use after: 105.9 MB.

Unloading 11 unused Assets to reduce memory usage. Loaded Objects now: 2432.
Total: 8.554600 ms (FindLiveObjects: 4.674500 ms CreateObjectMapping: 0.292200 ms MarkObjects: 3.366300 ms  DeleteObjects: 0.213000 ms)

========================================================================
Received Import Request.
  Time since last request: 213.536235 seconds.
  path: Assets/Scripts/Activities Scripts/TimePA.cs
  artifactKey: Guid(77fe69260b530454085f157e6b571908) Importer(815301076,1909f56bfc062723c751e8b465ee728b)
Start importing Assets/Scripts/Activities Scripts/TimePA.cs using Guid(77fe69260b530454085f157e6b571908) Importer(815301076,1909f56bfc062723c751e8b465ee728b)  -> (artifact id: '02f46e7829b49d4b1f30dae938031c7f') in 0.013646 seconds
  Import took 0.017599 seconds .

========================================================================
Received Prepare
Registering precompiled user dll's ...
Registered in 0.001526 seconds.
Begin MonoManager ReloadAssembly
Native extension for WindowsStandalone target not found
Native extension for WebGL target not found
Refreshing native plugins compatible for Editor in 0.50 ms, found 1 plugins.
Preloading 0 native plugins for Editor in 0.00 ms.
Invoked RoslynAnalysisRunner static constructor.
RoslynAnalysisRunner will not be running.
RoslynAnalysisRunner has terminated.
Mono: successfully reloaded assembly
- Completed reload, in  1.468 seconds
Platform modules already initialized, skipping
Refreshing native plugins compatible for Editor in 0.47 ms, found 1 plugins.
Preloading 0 native plugins for Editor in 0.00 ms.
Unloading 1832 Unused Serialized files (Serialized files now loaded: 0)
System memory in use before: 105.9 MB.
System memory in use after: 105.9 MB.

Unloading 11 unused Assets to reduce memory usage. Loaded Objects now: 2436.
Total: 2.556300 ms (FindLiveObjects: 0.311100 ms CreateObjectMapping: 0.135500 ms MarkObjects: 1.987000 ms  DeleteObjects: 0.121300 ms)

========================================================================
Received Prepare
Registering precompiled user dll's ...
Registered in 0.001190 seconds.
Begin MonoManager ReloadAssembly
Native extension for WindowsStandalone target not found
Native extension for WebGL target not found
Refreshing native plugins compatible for Editor in 0.57 ms, found 1 plugins.
Preloading 0 native plugins for Editor in 0.00 ms.
Invoked RoslynAnalysisRunner static constructor.
RoslynAnalysisRunner will not be running.
RoslynAnalysisRunner has terminated.
Mono: successfully reloaded assembly
- Completed reload, in  1.094 seconds
Platform modules already initialized, skipping
Refreshing native plugins compatible for Editor in 0.54 ms, found 1 plugins.
Preloading 0 native plugins for Editor in 0.00 ms.
Unloading 1832 Unused Serialized files (Serialized files now loaded: 0)
System memory in use before: 105.9 MB.
System memory in use after: 105.9 MB.

Unloading 11 unused Assets to reduce memory usage. Loaded Objects now: 2440.
Total: 2.617000 ms (FindLiveObjects: 0.218400 ms CreateObjectMapping: 0.073000 ms MarkObjects: 2.181600 ms  DeleteObjects: 0.142500 ms)

========================================================================
Received Import Request.
  Time since last request: 489.461238 seconds.
  path: Assets/Scripts/Activities Scripts/TimePA.cs
  artifactKey: Guid(77fe69260b530454085f157e6b571908) Importer(815301076,1909f56bfc062723c751e8b465ee728b)
Start importing Assets/Scripts/Activities Scripts/TimePA.cs using Guid(77fe69260b530454085f157e6b571908) Importer(815301076,1909f56bfc062723c751e8b465ee728b)  -> (artifact id: '6646424dffbb52cc9fafdf54310ee7b5') in 0.007004 seconds
  Import took 0.011978 seconds .

========================================================================
Received Import Request.
  Time since last request: 25.473267 seconds.
  path: Assets/Activities/ChangeCustome.asset
  artifactKey: Guid(6c3c427526bd4bf48ade6628912b351b) Importer(815301076,1909f56bfc062723c751e8b465ee728b)
Start importing Assets/Activities/ChangeCustome.asset using Guid(6c3c427526bd4bf48ade6628912b351b) Importer(815301076,1909f56bfc062723c751e8b465ee728b)  -> (artifact id: '77b7187d5f5b0d83a0670dc8ecc7f452') in 0.016032 seconds
  Import took 0.021613 seconds .

========================================================================
Received Import Request.
  Time since last request: 4.646604 seconds.
  path: Assets/Activities/Actividad.asset
  artifactKey: Guid(5c99f83a08e17fb42965cfc58a5f7e87) Importer(815301076,1909f56bfc062723c751e8b465ee728b)
Start importing Assets/Activities/Actividad.asset using Guid(5c99f83a08e17fb42965cfc58a5f7e87) Importer(815301076,1909f56bfc062723c751e8b465ee728b)  -> (artifact id: '7fc594b43d976e9154fe246b433c4c26') in 0.025067 seconds
  Import took 0.037785 seconds .

========================================================================
Received Import Request.
  Time since last request: 55.589689 seconds.
  path: Assets/Activities/Digestion.asset
  artifactKey: Guid(36699bceb6fc78e43a0d15c8d72deb59) Importer(815301076,1909f56bfc062723c751e8b465ee728b)
Start importing Assets/Activities/Digestion.asset using Guid(36699bceb6fc78e43a0d15c8d72deb59) Importer(815301076,1909f56bfc062723c751e8b465ee728b)  -> (artifact id: '58425349acf3a453d3387e37cae1620c') in 0.012182 seconds
  Import took 0.018707 seconds .

========================================================================
Received Import Request.
  Time since last request: 12.761700 seconds.
  path: Assets/Activities/Drain rest.asset
  artifactKey: Guid(5c99f83a08e17fb42965cfc58a5f7e87) Importer(815301076,1909f56bfc062723c751e8b465ee728b)
Start importing Assets/Activities/Drain rest.asset using Guid(5c99f83a08e17fb42965cfc58a5f7e87) Importer(815301076,1909f56bfc062723c751e8b465ee728b)  -> (artifact id: '98f4bf8eb62a320ae4b55c0d2ff2a0af') in 0.033189 seconds
  Import took 0.037843 seconds .

========================================================================
Received Import Request.
  Time since last request: 66.115721 seconds.
  path: Assets/Activities/Drain bladder.asset
  artifactKey: Guid(dc84b2486f2b4264a9839bbd542bd331) Importer(815301076,1909f56bfc062723c751e8b465ee728b)
Start importing Assets/Activities/Drain bladder.asset using Guid(dc84b2486f2b4264a9839bbd542bd331) Importer(815301076,1909f56bfc062723c751e8b465ee728b)  -> (artifact id: '36e4fe8fe1530bcdbae631b33a8bf40b') in 0.012013 seconds
  Import took 0.018955 seconds .

========================================================================
Received Import Request.
  Time since last request: 36.963687 seconds.
  path: Assets/Activities/Drain entertainment.asset
  artifactKey: Guid(e98526e1be782be4d97c4962d8e5823e) Importer(815301076,1909f56bfc062723c751e8b465ee728b)
Start importing Assets/Activities/Drain entertainment.asset using Guid(e98526e1be782be4d97c4962d8e5823e) Importer(815301076,1909f56bfc062723c751e8b465ee728b)  -> (artifact id: '038723f976a853382541f040705211b3') in 0.014252 seconds
  Import took 0.019420 seconds .

========================================================================
Received Import Request.
  Time since last request: 0.001061 seconds.
  path: Assets/Activities/Drain entertainment.asset
  artifactKey: Guid(e98526e1be782be4d97c4962d8e5823e) Importer(815301076,1909f56bfc062723c751e8b465ee728b)
Start importing Assets/Activities/Drain entertainment.asset using Guid(e98526e1be782be4d97c4962d8e5823e) Importer(815301076,1909f56bfc062723c751e8b465ee728b)  -> (artifact id: '038723f976a853382541f040705211b3') in 0.003496 seconds
  Import took 0.008885 seconds .

========================================================================
Received Prepare
Registering precompiled user dll's ...
Registered in 0.000862 seconds.
Begin MonoManager ReloadAssembly
Native extension for WindowsStandalone target not found
Native extension for WebGL target not found
Refreshing native plugins compatible for Editor in 0.36 ms, found 1 plugins.
Preloading 0 native plugins for Editor in 0.00 ms.
Invoked RoslynAnalysisRunner static constructor.
RoslynAnalysisRunner will not be running.
RoslynAnalysisRunner has terminated.
Mono: successfully reloaded assembly
- Completed reload, in  1.021 seconds
Platform modules already initialized, skipping
Refreshing native plugins compatible for Editor in 0.45 ms, found 1 plugins.
Preloading 0 native plugins for Editor in 0.00 ms.
Unloading 1832 Unused Serialized files (Serialized files now loaded: 0)
System memory in use before: 105.9 MB.
System memory in use after: 105.9 MB.

Unloading 11 unused Assets to reduce memory usage. Loaded Objects now: 2444.
Total: 3.689900 ms (FindLiveObjects: 0.514000 ms CreateObjectMapping: 0.153700 ms MarkObjects: 2.768300 ms  DeleteObjects: 0.250700 ms)

========================================================================
Received Import Request.
  Time since last request: 75.856748 seconds.
  path: Assets/Activities/Digestion.asset
  artifactKey: Guid(36699bceb6fc78e43a0d15c8d72deb59) Importer(815301076,1909f56bfc062723c751e8b465ee728b)
Start importing Assets/Activities/Digestion.asset using Guid(36699bceb6fc78e43a0d15c8d72deb59) Importer(815301076,1909f56bfc062723c751e8b465ee728b)  -> (artifact id: '771107b2768d9212d2d16b2370d4a1be') in 0.017640 seconds
  Import took 0.021485 seconds .

========================================================================
Received Import Request.
  Time since last request: 0.000340 seconds.
  path: Assets/Activities/Drain entertainment.asset
  artifactKey: Guid(e98526e1be782be4d97c4962d8e5823e) Importer(815301076,1909f56bfc062723c751e8b465ee728b)
Start importing Assets/Activities/Drain entertainment.asset using Guid(e98526e1be782be4d97c4962d8e5823e) Importer(815301076,1909f56bfc062723c751e8b465ee728b)  -> (artifact id: 'd48a984f6b16c5cf0df4801b83399b17') in 0.003428 seconds
  Import took 0.007626 seconds .

========================================================================
Received Import Request.
  Time since last request: 0.000270 seconds.
  path: Assets/Activities/Drain rest.asset
  artifactKey: Guid(5c99f83a08e17fb42965cfc58a5f7e87) Importer(815301076,1909f56bfc062723c751e8b465ee728b)
Start importing Assets/Activities/Drain rest.asset using Guid(5c99f83a08e17fb42965cfc58a5f7e87) Importer(815301076,1909f56bfc062723c751e8b465ee728b)  -> (artifact id: '85c21e0c840cac5829e4f2c337eb5742') in 0.005437 seconds
  Import took 0.010890 seconds .

========================================================================
Received Import Request.
  Time since last request: 0.000316 seconds.
  path: Assets/Activities/Drain bladder.asset
  artifactKey: Guid(dc84b2486f2b4264a9839bbd542bd331) Importer(815301076,1909f56bfc062723c751e8b465ee728b)
Start importing Assets/Activities/Drain bladder.asset using Guid(dc84b2486f2b4264a9839bbd542bd331) Importer(815301076,1909f56bfc062723c751e8b465ee728b)  -> (artifact id: 'be1dcd031898d363cef8f7348de82ba1') in 0.006573 seconds
  Import took 0.010781 seconds .

========================================================================
Received Prepare
Registering precompiled user dll's ...
Registered in 0.000887 seconds.
Begin MonoManager ReloadAssembly
Native extension for WindowsStandalone target not found
Native extension for WebGL target not found
Refreshing native plugins compatible for Editor in 0.64 ms, found 1 plugins.
Preloading 0 native plugins for Editor in 0.00 ms.
Invoked RoslynAnalysisRunner static constructor.
RoslynAnalysisRunner will not be running.
RoslynAnalysisRunner has terminated.
Mono: successfully reloaded assembly
- Completed reload, in  1.611 seconds
Platform modules already initialized, skipping
Refreshing native plugins compatible for Editor in 0.60 ms, found 1 plugins.
Preloading 0 native plugins for Editor in 0.00 ms.
Unloading 1832 Unused Serialized files (Serialized files now loaded: 0)
System memory in use before: 105.9 MB.
System memory in use after: 105.9 MB.

Unloading 11 unused Assets to reduce memory usage. Loaded Objects now: 2448.
Total: 3.343200 ms (FindLiveObjects: 0.302900 ms CreateObjectMapping: 0.109500 ms MarkObjects: 2.785300 ms  DeleteObjects: 0.144000 ms)

========================================================================
Received Import Request.
  Time since last request: 102.400041 seconds.
  path: Assets/Scripts/UI/Counters/BladderBar.cs
  artifactKey: Guid(7978ab27f0c118340becf54df73549ec) Importer(815301076,1909f56bfc062723c751e8b465ee728b)
Start importing Assets/Scripts/UI/Counters/BladderBar.cs using Guid(7978ab27f0c118340becf54df73549ec) Importer(815301076,1909f56bfc062723c751e8b465ee728b)  -> (artifact id: 'a2113c24ddcf19ffb0c9e4a04ffa33af') in 0.014209 seconds
  Import took 0.018793 seconds .

========================================================================
Received Prepare
Registering precompiled user dll's ...
Registered in 0.000809 seconds.
Begin MonoManager ReloadAssembly
Native extension for WindowsStandalone target not found
Native extension for WebGL target not found
Refreshing native plugins compatible for Editor in 0.38 ms, found 1 plugins.
Preloading 0 native plugins for Editor in 0.00 ms.
Invoked RoslynAnalysisRunner static constructor.
RoslynAnalysisRunner will not be running.
RoslynAnalysisRunner has terminated.
Mono: successfully reloaded assembly
- Completed reload, in  1.354 seconds
Platform modules already initialized, skipping
Refreshing native plugins compatible for Editor in 0.42 ms, found 1 plugins.
Preloading 0 native plugins for Editor in 0.00 ms.
Unloading 1833 Unused Serialized files (Serialized files now loaded: 0)
System memory in use before: 105.9 MB.
System memory in use after: 105.9 MB.

Unloading 11 unused Assets to reduce memory usage. Loaded Objects now: 2453.
Total: 2.858700 ms (FindLiveObjects: 0.466500 ms CreateObjectMapping: 0.120100 ms MarkObjects: 2.090900 ms  DeleteObjects: 0.176200 ms)

========================================================================
Received Prepare
Registering precompiled user dll's ...
Registered in 0.001290 seconds.
Begin MonoManager ReloadAssembly
Native extension for WindowsStandalone target not found
Native extension for WebGL target not found
Refreshing native plugins compatible for Editor in 0.55 ms, found 1 plugins.
Preloading 0 native plugins for Editor in 0.00 ms.
Invoked RoslynAnalysisRunner static constructor.
RoslynAnalysisRunner will not be running.
RoslynAnalysisRunner has terminated.
Mono: successfully reloaded assembly
- Completed reload, in  1.095 seconds
Platform modules already initialized, skipping
Refreshing native plugins compatible for Editor in 0.54 ms, found 1 plugins.
Preloading 0 native plugins for Editor in 0.00 ms.
Unloading 1833 Unused Serialized files (Serialized files now loaded: 0)
System memory in use before: 105.9 MB.
System memory in use after: 106.0 MB.

Unloading 11 unused Assets to reduce memory usage. Loaded Objects now: 2457.
Total: 2.520000 ms (FindLiveObjects: 0.228800 ms CreateObjectMapping: 0.086700 ms MarkObjects: 2.049100 ms  DeleteObjects: 0.154200 ms)

========================================================================
Received Import Request.
  Time since last request: 212.323351 seconds.
  path: Assets/Scripts/UI/Counters/BladderBar.cs
  artifactKey: Guid(7978ab27f0c118340becf54df73549ec) Importer(815301076,1909f56bfc062723c751e8b465ee728b)
Start importing Assets/Scripts/UI/Counters/BladderBar.cs using Guid(7978ab27f0c118340becf54df73549ec) Importer(815301076,1909f56bfc062723c751e8b465ee728b)  -> (artifact id: '2c037dc534a5ef955dad93d0481bc9c0') in 0.005428 seconds
  Import took 0.009076 seconds .

========================================================================
Received Import Request.
  Time since last request: 3.821790 seconds.
  path: Assets/Scripts/UI/Counters/Actividad.asset
  artifactKey: Guid(39a40bd9f2a3bfa4493f69122c20e031) Importer(815301076,1909f56bfc062723c751e8b465ee728b)
Start importing Assets/Scripts/UI/Counters/Actividad.asset using Guid(39a40bd9f2a3bfa4493f69122c20e031) Importer(815301076,1909f56bfc062723c751e8b465ee728b)  -> (artifact id: '9e6a823e0000421a5319265e2708775e') in 0.011998 seconds
  Import took 0.016619 seconds .

========================================================================
Received Import Request.
  Time since last request: 22.688949 seconds.
  path: Assets/Scripts/UI/Counters/SaietyBar.cs
  artifactKey: Guid(687bd2d2c8c1ed347ad6fa639beff6b3) Importer(815301076,1909f56bfc062723c751e8b465ee728b)
Start importing Assets/Scripts/UI/Counters/SaietyBar.cs using Guid(687bd2d2c8c1ed347ad6fa639beff6b3) Importer(815301076,1909f56bfc062723c751e8b465ee728b)  -> (artifact id: '84660c12b42ee0f707a3ef095434fe5a') in 0.011275 seconds
  Import took 0.016773 seconds .

========================================================================
Received Prepare
Registering precompiled user dll's ...
Registered in 0.001043 seconds.
Begin MonoManager ReloadAssembly
Native extension for WindowsStandalone target not found
Native extension for WebGL target not found
Refreshing native plugins compatible for Editor in 0.43 ms, found 1 plugins.
Preloading 0 native plugins for Editor in 0.00 ms.
Invoked RoslynAnalysisRunner static constructor.
RoslynAnalysisRunner will not be running.
RoslynAnalysisRunner has terminated.
Mono: successfully reloaded assembly
- Completed reload, in  1.130 seconds
Platform modules already initialized, skipping
Refreshing native plugins compatible for Editor in 0.53 ms, found 1 plugins.
Preloading 0 native plugins for Editor in 0.00 ms.
Unloading 1834 Unused Serialized files (Serialized files now loaded: 0)
System memory in use before: 106.0 MB.
System memory in use after: 106.0 MB.

Unloading 11 unused Assets to reduce memory usage. Loaded Objects now: 2462.
Total: 2.487600 ms (FindLiveObjects: 0.335400 ms CreateObjectMapping: 0.101200 ms MarkObjects: 1.930400 ms  DeleteObjects: 0.119500 ms)

========================================================================
Received Prepare
Registering precompiled user dll's ...
Registered in 0.001241 seconds.
Begin MonoManager ReloadAssembly
Native extension for WindowsStandalone target not found
Native extension for WebGL target not found
Refreshing native plugins compatible for Editor in 0.38 ms, found 1 plugins.
Preloading 0 native plugins for Editor in 0.00 ms.
Invoked RoslynAnalysisRunner static constructor.
RoslynAnalysisRunner will not be running.
RoslynAnalysisRunner has terminated.
Mono: successfully reloaded assembly
- Completed reload, in  1.118 seconds
Platform modules already initialized, skipping
Refreshing native plugins compatible for Editor in 0.42 ms, found 1 plugins.
Preloading 0 native plugins for Editor in 0.00 ms.
Unloading 1833 Unused Serialized files (Serialized files now loaded: 0)
System memory in use before: 106.0 MB.
System memory in use after: 106.0 MB.

Unloading 12 unused Assets to reduce memory usage. Loaded Objects now: 2465.
Total: 3.001300 ms (FindLiveObjects: 0.199500 ms CreateObjectMapping: 0.076800 ms MarkObjects: 2.617500 ms  DeleteObjects: 0.106100 ms)

========================================================================
Received Prepare
Registering precompiled user dll's ...
Registered in 0.000832 seconds.
Begin MonoManager ReloadAssembly
Native extension for WindowsStandalone target not found
Native extension for WebGL target not found
Refreshing native plugins compatible for Editor in 0.72 ms, found 1 plugins.
Preloading 0 native plugins for Editor in 0.00 ms.
Invoked RoslynAnalysisRunner static constructor.
RoslynAnalysisRunner will not be running.
RoslynAnalysisRunner has terminated.
Mono: successfully reloaded assembly
- Completed reload, in  1.105 seconds
Platform modules already initialized, skipping
Refreshing native plugins compatible for Editor in 0.39 ms, found 1 plugins.
Preloading 0 native plugins for Editor in 0.00 ms.
Unloading 1834 Unused Serialized files (Serialized files now loaded: 0)
System memory in use before: 106.0 MB.
System memory in use after: 106.0 MB.

Unloading 11 unused Assets to reduce memory usage. Loaded Objects now: 2470.
Total: 2.904800 ms (FindLiveObjects: 0.354800 ms CreateObjectMapping: 0.079200 ms MarkObjects: 2.341400 ms  DeleteObjects: 0.127500 ms)

========================================================================
Received Prepare
Registering precompiled user dll's ...
Registered in 0.000849 seconds.
Begin MonoManager ReloadAssembly
Native extension for WindowsStandalone target not found
Native extension for WebGL target not found
Refreshing native plugins compatible for Editor in 0.45 ms, found 1 plugins.
Preloading 0 native plugins for Editor in 0.00 ms.
Invoked RoslynAnalysisRunner static constructor.
RoslynAnalysisRunner will not be running.
RoslynAnalysisRunner has terminated.
Mono: successfully reloaded assembly
- Completed reload, in  1.242 seconds
Platform modules already initialized, skipping
Refreshing native plugins compatible for Editor in 0.41 ms, found 1 plugins.
Preloading 0 native plugins for Editor in 0.00 ms.
Unloading 1835 Unused Serialized files (Serialized files now loaded: 0)
System memory in use before: 106.0 MB.
System memory in use after: 106.0 MB.

Unloading 11 unused Assets to reduce memory usage. Loaded Objects now: 2475.
Total: 2.892500 ms (FindLiveObjects: 0.232400 ms CreateObjectMapping: 0.099100 ms MarkObjects: 2.329100 ms  DeleteObjects: 0.230600 ms)

========================================================================
Received Prepare
Registering precompiled user dll's ...
Registered in 0.000843 seconds.
Begin MonoManager ReloadAssembly
Native extension for WindowsStandalone target not found
Native extension for WebGL target not found
Refreshing native plugins compatible for Editor in 0.58 ms, found 1 plugins.
Preloading 0 native plugins for Editor in 0.00 ms.
Invoked RoslynAnalysisRunner static constructor.
RoslynAnalysisRunner will not be running.
RoslynAnalysisRunner has terminated.
Mono: successfully reloaded assembly
- Completed reload, in  1.069 seconds
Platform modules already initialized, skipping
Refreshing native plugins compatible for Editor in 0.39 ms, found 1 plugins.
Preloading 0 native plugins for Editor in 0.00 ms.
Unloading 1835 Unused Serialized files (Serialized files now loaded: 0)
System memory in use before: 106.0 MB.
System memory in use after: 106.0 MB.

Unloading 11 unused Assets to reduce memory usage. Loaded Objects now: 2479.
Total: 2.481500 ms (FindLiveObjects: 0.254900 ms CreateObjectMapping: 0.081400 ms MarkObjects: 1.921700 ms  DeleteObjects: 0.221800 ms)

========================================================================
Received Prepare
Registering precompiled user dll's ...
Registered in 0.000842 seconds.
Begin MonoManager ReloadAssembly
Native extension for WindowsStandalone target not found
Native extension for WebGL target not found
Refreshing native plugins compatible for Editor in 0.36 ms, found 1 plugins.
Preloading 0 native plugins for Editor in 0.00 ms.
Invoked RoslynAnalysisRunner static constructor.
RoslynAnalysisRunner will not be running.
RoslynAnalysisRunner has terminated.
Mono: successfully reloaded assembly
- Completed reload, in  1.099 seconds
Platform modules already initialized, skipping
Refreshing native plugins compatible for Editor in 0.37 ms, found 1 plugins.
Preloading 0 native plugins for Editor in 0.00 ms.
Unloading 1835 Unused Serialized files (Serialized files now loaded: 0)
System memory in use before: 106.0 MB.
System memory in use after: 106.0 MB.

Unloading 11 unused Assets to reduce memory usage. Loaded Objects now: 2483.
Total: 2.911600 ms (FindLiveObjects: 0.491500 ms CreateObjectMapping: 0.180300 ms MarkObjects: 2.117400 ms  DeleteObjects: 0.121200 ms)

========================================================================
Received Prepare
Registering precompiled user dll's ...
Registered in 0.001372 seconds.
Begin MonoManager ReloadAssembly
Native extension for WindowsStandalone target not found
Native extension for WebGL target not found
Refreshing native plugins compatible for Editor in 0.38 ms, found 1 plugins.
Preloading 0 native plugins for Editor in 0.00 ms.
Invoked RoslynAnalysisRunner static constructor.
RoslynAnalysisRunner will not be running.
RoslynAnalysisRunner has terminated.
Mono: successfully reloaded assembly
- Completed reload, in  1.067 seconds
Platform modules already initialized, skipping
Refreshing native plugins compatible for Editor in 0.43 ms, found 1 plugins.
Preloading 0 native plugins for Editor in 0.00 ms.
Unloading 1835 Unused Serialized files (Serialized files now loaded: 0)
System memory in use before: 106.0 MB.
System memory in use after: 106.1 MB.

Unloading 11 unused Assets to reduce memory usage. Loaded Objects now: 2487.
Total: 2.943600 ms (FindLiveObjects: 0.297500 ms CreateObjectMapping: 0.077100 ms MarkObjects: 2.391400 ms  DeleteObjects: 0.174100 ms)

========================================================================
Received Prepare
Registering precompiled user dll's ...
Registered in 0.001189 seconds.
Begin MonoManager ReloadAssembly
Native extension for WindowsStandalone target not found
Native extension for WebGL target not found
Refreshing native plugins compatible for Editor in 0.41 ms, found 1 plugins.
Preloading 0 native plugins for Editor in 0.00 ms.
Invoked RoslynAnalysisRunner static constructor.
RoslynAnalysisRunner will not be running.
RoslynAnalysisRunner has terminated.
Mono: successfully reloaded assembly
- Completed reload, in  1.032 seconds
Platform modules already initialized, skipping
Refreshing native plugins compatible for Editor in 0.42 ms, found 1 plugins.
Preloading 0 native plugins for Editor in 0.00 ms.
Unloading 1835 Unused Serialized files (Serialized files now loaded: 0)
System memory in use before: 106.0 MB.
System memory in use after: 106.1 MB.

Unloading 11 unused Assets to reduce memory usage. Loaded Objects now: 2491.
Total: 3.227800 ms (FindLiveObjects: 0.295800 ms CreateObjectMapping: 0.090400 ms MarkObjects: 2.695600 ms  DeleteObjects: 0.144300 ms)

========================================================================
Received Prepare
Registering precompiled user dll's ...
Registered in 0.001500 seconds.
Begin MonoManager ReloadAssembly
Native extension for WindowsStandalone target not found
Native extension for WebGL target not found
Refreshing native plugins compatible for Editor in 0.40 ms, found 1 plugins.
Preloading 0 native plugins for Editor in 0.00 ms.
Invoked RoslynAnalysisRunner static constructor.
RoslynAnalysisRunner will not be running.
RoslynAnalysisRunner has terminated.
Mono: successfully reloaded assembly
- Completed reload, in  1.005 seconds
Platform modules already initialized, skipping
Refreshing native plugins compatible for Editor in 0.38 ms, found 1 plugins.
Preloading 0 native plugins for Editor in 0.00 ms.
Unloading 1835 Unused Serialized files (Serialized files now loaded: 0)
System memory in use before: 106.1 MB.
System memory in use after: 106.1 MB.

Unloading 11 unused Assets to reduce memory usage. Loaded Objects now: 2495.
Total: 2.462400 ms (FindLiveObjects: 0.229800 ms CreateObjectMapping: 0.083400 ms MarkObjects: 2.009100 ms  DeleteObjects: 0.139100 ms)

========================================================================
Received Prepare
Registering precompiled user dll's ...
Registered in 0.001242 seconds.
Begin MonoManager ReloadAssembly
Native extension for WindowsStandalone target not found
Native extension for WebGL target not found
Refreshing native plugins compatible for Editor in 1.03 ms, found 1 plugins.
Preloading 0 native plugins for Editor in 0.00 ms.
Invoked RoslynAnalysisRunner static constructor.
RoslynAnalysisRunner will not be running.
RoslynAnalysisRunner has terminated.
Mono: successfully reloaded assembly
- Completed reload, in  1.408 seconds
Platform modules already initialized, skipping
Refreshing native plugins compatible for Editor in 0.49 ms, found 1 plugins.
Preloading 0 native plugins for Editor in 0.00 ms.
Unloading 1835 Unused Serialized files (Serialized files now loaded: 0)
System memory in use before: 106.1 MB.
System memory in use after: 106.1 MB.

Unloading 11 unused Assets to reduce memory usage. Loaded Objects now: 2499.
Total: 3.010200 ms (FindLiveObjects: 0.363100 ms CreateObjectMapping: 0.176700 ms MarkObjects: 2.343600 ms  DeleteObjects: 0.125500 ms)

========================================================================
Received Prepare
Registering precompiled user dll's ...
Registered in 0.001248 seconds.
Begin MonoManager ReloadAssembly
Native extension for WindowsStandalone target not found
Native extension for WebGL target not found
Refreshing native plugins compatible for Editor in 0.79 ms, found 1 plugins.
Preloading 0 native plugins for Editor in 0.00 ms.
Invoked RoslynAnalysisRunner static constructor.
RoslynAnalysisRunner will not be running.
RoslynAnalysisRunner has terminated.
Mono: successfully reloaded assembly
- Completed reload, in  1.506 seconds
Platform modules already initialized, skipping
Refreshing native plugins compatible for Editor in 0.54 ms, found 1 plugins.
Preloading 0 native plugins for Editor in 0.00 ms.
Unloading 1835 Unused Serialized files (Serialized files now loaded: 0)
System memory in use before: 106.1 MB.
System memory in use after: 106.1 MB.

Unloading 11 unused Assets to reduce memory usage. Loaded Objects now: 2503.
Total: 3.338100 ms (FindLiveObjects: 0.392100 ms CreateObjectMapping: 0.118600 ms MarkObjects: 2.609600 ms  DeleteObjects: 0.215500 ms)

========================================================================
Received Prepare
Registering precompiled user dll's ...
Registered in 0.000845 seconds.
Begin MonoManager ReloadAssembly
Native extension for WindowsStandalone target not found
Native extension for WebGL target not found
Refreshing native plugins compatible for Editor in 0.38 ms, found 1 plugins.
Preloading 0 native plugins for Editor in 0.00 ms.
Invoked RoslynAnalysisRunner static constructor.
RoslynAnalysisRunner will not be running.
RoslynAnalysisRunner has terminated.
Mono: successfully reloaded assembly
- Completed reload, in  0.977 seconds
Platform modules already initialized, skipping
Refreshing native plugins compatible for Editor in 0.38 ms, found 1 plugins.
Preloading 0 native plugins for Editor in 0.00 ms.
Unloading 1835 Unused Serialized files (Serialized files now loaded: 0)
System memory in use before: 106.1 MB.
System memory in use after: 106.1 MB.

Unloading 11 unused Assets to reduce memory usage. Loaded Objects now: 2507.
Total: 3.656100 ms (FindLiveObjects: 0.322900 ms CreateObjectMapping: 0.111700 ms MarkObjects: 3.049100 ms  DeleteObjects: 0.170600 ms)

========================================================================
Received Prepare
Registering precompiled user dll's ...
Registered in 0.000845 seconds.
Begin MonoManager ReloadAssembly
Native extension for WindowsStandalone target not found
Native extension for WebGL target not found
Refreshing native plugins compatible for Editor in 0.47 ms, found 1 plugins.
Preloading 0 native plugins for Editor in 0.00 ms.
Invoked RoslynAnalysisRunner static constructor.
RoslynAnalysisRunner will not be running.
RoslynAnalysisRunner has terminated.
Mono: successfully reloaded assembly
- Completed reload, in  0.975 seconds
Platform modules already initialized, skipping
Refreshing native plugins compatible for Editor in 0.45 ms, found 1 plugins.
Preloading 0 native plugins for Editor in 0.00 ms.
Unloading 1835 Unused Serialized files (Serialized files now loaded: 0)
System memory in use before: 106.1 MB.
System memory in use after: 106.1 MB.

Unloading 11 unused Assets to reduce memory usage. Loaded Objects now: 2511.
Total: 2.693900 ms (FindLiveObjects: 0.368100 ms CreateObjectMapping: 0.146600 ms MarkObjects: 2.041200 ms  DeleteObjects: 0.136700 ms)

========================================================================
Received Prepare
Registering precompiled user dll's ...
Registered in 0.001205 seconds.
Begin MonoManager ReloadAssembly
Native extension for WindowsStandalone target not found
Native extension for WebGL target not found
Refreshing native plugins compatible for Editor in 0.47 ms, found 1 plugins.
Preloading 0 native plugins for Editor in 0.00 ms.
Invoked RoslynAnalysisRunner static constructor.
RoslynAnalysisRunner will not be running.
RoslynAnalysisRunner has terminated.
Mono: successfully reloaded assembly
- Completed reload, in  2.620 seconds
Platform modules already initialized, skipping
Refreshing native plugins compatible for Editor in 1.39 ms, found 1 plugins.
Preloading 0 native plugins for Editor in 0.00 ms.
Unloading 1835 Unused Serialized files (Serialized files now loaded: 0)
System memory in use before: 106.1 MB.
System memory in use after: 106.1 MB.

Unloading 11 unused Assets to reduce memory usage. Loaded Objects now: 2515.
Total: 6.358000 ms (FindLiveObjects: 0.811400 ms CreateObjectMapping: 1.043500 ms MarkObjects: 4.332500 ms  DeleteObjects: 0.168900 ms)

========================================================================
Received Prepare
Registering precompiled user dll's ...
Registered in 0.002698 seconds.
Begin MonoManager ReloadAssembly
Native extension for WindowsStandalone target not found
Native extension for WebGL target not found
Refreshing native plugins compatible for Editor in 0.66 ms, found 1 plugins.
Preloading 0 native plugins for Editor in 0.00 ms.
Invoked RoslynAnalysisRunner static constructor.
RoslynAnalysisRunner will not be running.
RoslynAnalysisRunner has terminated.
Mono: successfully reloaded assembly
- Completed reload, in  1.891 seconds
Platform modules already initialized, skipping
Refreshing native plugins compatible for Editor in 0.44 ms, found 1 plugins.
Preloading 0 native plugins for Editor in 0.00 ms.
Unloading 1835 Unused Serialized files (Serialized files now loaded: 0)
System memory in use before: 106.1 MB.
System memory in use after: 106.1 MB.

Unloading 11 unused Assets to reduce memory usage. Loaded Objects now: 2519.
Total: 4.377800 ms (FindLiveObjects: 0.591300 ms CreateObjectMapping: 0.280600 ms MarkObjects: 3.361000 ms  DeleteObjects: 0.141700 ms)

AssetImportWorkerClient::OnTransportError - code=2 error=End of file
