Using pre-set license
Built from '2020.3/release' branch; Version is '2020.3.2f1 (8fd9074bf66c) revision 9427207'; Using compiler version '192528614'; Build Type 'Release'
OS: 'Windows 10 Home; OS build 19044.1645; Version 2009; 64bit' Language: 'es' Physical Memory: 16259 MB
BatchMode: 1, IsHumanControllingUs: 0, StartBugReporterOnCrash: 0, Is64bit: 1, IsPro: 0

 COMMAND LINE ARGUMENTS:
C:\Program Files\Unity\Hub\Editor\2020.3.2f1\Editor\Unity.exe
-adb2
-batchMode
-noUpm
-name
AssetImportWorker0
-projectPath
D:/Proyectos/Depressive-Symptoms/Depressive Symptoms Game
-logFile
Logs/AssetImportWorker0.log
-srvPort
51489
Successfully changed project path to: D:/Proyectos/Depressive-Symptoms/Depressive Symptoms Game
D:/Proyectos/Depressive-Symptoms/Depressive Symptoms Game
Using Asset Import Pipeline V2.
Refreshing native plugins compatible for Editor in 41.54 ms, found 1 plugins.
Preloading 0 native plugins for Editor in 0.00 ms.
Initialize engine version: 2020.3.2f1 (8fd9074bf66c)
[Subsystems] Discovering subsystems at path C:/Program Files/Unity/Hub/Editor/2020.3.2f1/Editor/Data/Resources/UnitySubsystems
[Subsystems] Discovering subsystems at path D:/Proyectos/Depressive-Symptoms/Depressive Symptoms Game/Assets
GfxDevice: creating device client; threaded=0
Direct3D:
    Version:  Direct3D 11.0 [level 11.1]
    Renderer: NVIDIA GeForce GTX 1050 Ti (ID=0x1c8c)
    Vendor:   
    VRAM:     4021 MB
    Driver:   30.0.15.1165
Initialize mono
Mono path[0] = 'C:/Program Files/Unity/Hub/Editor/2020.3.2f1/Editor/Data/Managed'
Mono path[1] = 'C:/Program Files/Unity/Hub/Editor/2020.3.2f1/Editor/Data/MonoBleedingEdge/lib/mono/unityjit'
Mono config path = 'C:/Program Files/Unity/Hub/Editor/2020.3.2f1/Editor/Data/MonoBleedingEdge/etc'
Using monoOptions --debugger-agent=transport=dt_socket,embedding=1,server=y,suspend=n,address=127.0.0.1:56532
Begin MonoManager ReloadAssembly
Registering precompiled unity dll's ...
Register platform support module: C:/Program Files/Unity/Hub/Editor/2020.3.2f1/Editor/Data/PlaybackEngines/WebGLSupport/UnityEditor.WebGL.Extensions.dll
Register platform support module: C:/Program Files/Unity/Hub/Editor/2020.3.2f1/Editor/Data/PlaybackEngines/WindowsStandaloneSupport/UnityEditor.WindowsStandalone.Extensions.dll
Registered in 0.002986 seconds.
Native extension for WindowsStandalone target not found
Native extension for WebGL target not found
Refreshing native plugins compatible for Editor in 40.46 ms, found 1 plugins.
Preloading 0 native plugins for Editor in 0.00 ms.
Invoked RoslynAnalysisRunner static constructor.
RoslynAnalysisRunner will not be running.
RoslynAnalysisRunner has terminated.
Mono: successfully reloaded assembly
- Completed reload, in  1.399 seconds
Platform modules already initialized, skipping
Registering precompiled user dll's ...
Registered in 0.000782 seconds.
Begin MonoManager ReloadAssembly
Native extension for WindowsStandalone target not found
Native extension for WebGL target not found
Refreshing native plugins compatible for Editor in 51.87 ms, found 1 plugins.
Preloading 0 native plugins for Editor in 0.00 ms.
Invoked RoslynAnalysisRunner static constructor.
RoslynAnalysisRunner will not be running.
RoslynAnalysisRunner has terminated.
Mono: successfully reloaded assembly
- Completed reload, in  1.131 seconds
Platform modules already initialized, skipping
========================================================================
Worker process is ready to serve import requests
Launched and connected shader compiler UnityShaderCompiler.exe after 0.07 seconds
Refreshing native plugins compatible for Editor in 0.45 ms, found 1 plugins.
Preloading 0 native plugins for Editor in 0.00 ms.
Unloading 1874 Unused Serialized files (Serialized files now loaded: 0)
System memory in use before: 107.7 MB.
System memory in use after: 107.7 MB.

Unloading 22 unused Assets to reduce memory usage. Loaded Objects now: 2339.
Total: 2.353800 ms (FindLiveObjects: 0.189600 ms CreateObjectMapping: 0.107100 ms MarkObjects: 1.911400 ms  DeleteObjects: 0.144700 ms)

========================================================================
Received Import Request.
  path: Assets/Prefabs/FileView.prefab
  artifactKey: Guid(ef983769a74705d489d0d1c9513a94a5) Importer(815301076,1909f56bfc062723c751e8b465ee728b)
Start importing Assets/Prefabs/FileView.prefab using Guid(ef983769a74705d489d0d1c9513a94a5) Importer(815301076,1909f56bfc062723c751e8b465ee728b)  -> (artifact id: 'f1516dfea2332b3f29ea5de07cb3261b') in 0.120216 seconds
  Import took 0.146697 seconds .

========================================================================
Received Import Request.
  Time since last request: 264.661836 seconds.
  path: Assets/Prefabs/FileView.prefab
  artifactKey: Guid(ef983769a74705d489d0d1c9513a94a5) Importer(815301076,1909f56bfc062723c751e8b465ee728b)
Start importing Assets/Prefabs/FileView.prefab using Guid(ef983769a74705d489d0d1c9513a94a5) Importer(815301076,1909f56bfc062723c751e8b465ee728b)  -> (artifact id: 'c6339186584eaf307db0dd122b69a99a') in 0.019545 seconds
  Import took 0.085147 seconds .

========================================================================
Received Import Request.
  Time since last request: 2.665670 seconds.
  path: Assets/Prefabs/FileView.prefab
  artifactKey: Guid(ef983769a74705d489d0d1c9513a94a5) Importer(815301076,1909f56bfc062723c751e8b465ee728b)
Start importing Assets/Prefabs/FileView.prefab using Guid(ef983769a74705d489d0d1c9513a94a5) Importer(815301076,1909f56bfc062723c751e8b465ee728b)  -> (artifact id: '7e6e61e5343f3dfec5fcf528154d1fd3') in 0.015693 seconds
  Import took 0.019762 seconds .

========================================================================
Received Prepare
Registering precompiled user dll's ...
Registered in 0.000817 seconds.
Begin MonoManager ReloadAssembly
Native extension for WindowsStandalone target not found
Native extension for WebGL target not found
Refreshing native plugins compatible for Editor in 0.41 ms, found 1 plugins.
Preloading 0 native plugins for Editor in 0.00 ms.
Invoked RoslynAnalysisRunner static constructor.
RoslynAnalysisRunner will not be running.
RoslynAnalysisRunner has terminated.
Mono: successfully reloaded assembly
- Completed reload, in  0.970 seconds
Platform modules already initialized, skipping
Refreshing native plugins compatible for Editor in 0.42 ms, found 1 plugins.
Preloading 0 native plugins for Editor in 0.00 ms.
Unloading 1855 Unused Serialized files (Serialized files now loaded: 0)
System memory in use before: 106.3 MB.
System memory in use after: 106.4 MB.

Unloading 11 unused Assets to reduce memory usage. Loaded Objects now: 2343.
Total: 2.372800 ms (FindLiveObjects: 0.199300 ms CreateObjectMapping: 0.077100 ms MarkObjects: 1.956200 ms  DeleteObjects: 0.139300 ms)

AssetImportWorkerClient::OnTransportError - code=2 error=End of file
