Using pre-set license
Built from '2021.3/staging' branch; Version is '2021.3.6f1 (7da38d85baf6) revision 8233869'; Using compiler version '192829333'; Build Type 'Release'
OS: 'Windows 10  (10.0.19044) 64bit Professional' Language: 'es' Physical Memory: 65327 MB
BatchMode: 1, IsHumanControllingUs: 0, StartBugReporterOnCrash: 0, Is64bit: 1, IsPro: 1

COMMAND LINE ARGUMENTS:
D:\Program Files\Unity\Hub\Editor\2021.3.6f1\Editor\Unity.exe
-adb2
-batchMode
-noUpm
-name
AssetImportWorker5
-projectPath
D:/Proyectos/Depressive-Symptoms/Depressive Symptoms Game
-logFile
Logs/AssetImportWorker5.log
-srvPort
60985
Successfully changed project path to: D:/Proyectos/Depressive-Symptoms/Depressive Symptoms Game
D:/Proyectos/Depressive-Symptoms/Depressive Symptoms Game
[UnityMemory] Configuration Parameters - Can be set up in boot.config
    "memorysetup-bucket-allocator-granularity=16"
    "memorysetup-bucket-allocator-bucket-count=8"
    "memorysetup-bucket-allocator-block-size=33554432"
    "memorysetup-bucket-allocator-block-count=8"
    "memorysetup-main-allocator-block-size=16777216"
    "memorysetup-thread-allocator-block-size=16777216"
    "memorysetup-gfx-main-allocator-block-size=16777216"
    "memorysetup-gfx-thread-allocator-block-size=16777216"
    "memorysetup-cache-allocator-block-size=4194304"
    "memorysetup-typetree-allocator-block-size=2097152"
    "memorysetup-profiler-bucket-allocator-granularity=16"
    "memorysetup-profiler-bucket-allocator-bucket-count=8"
    "memorysetup-profiler-bucket-allocator-block-size=33554432"
    "memorysetup-profiler-bucket-allocator-block-count=8"
    "memorysetup-profiler-allocator-block-size=16777216"
    "memorysetup-profiler-editor-allocator-block-size=1048576"
    "memorysetup-temp-allocator-size-main=16777216"
    "memorysetup-job-temp-allocator-block-size=2097152"
    "memorysetup-job-temp-allocator-block-size-background=1048576"
    "memorysetup-job-temp-allocator-reduction-small-platforms=262144"
    "memorysetup-temp-allocator-size-background-worker=32768"
    "memorysetup-temp-allocator-size-job-worker=262144"
    "memorysetup-temp-allocator-size-preload-manager=33554432"
    "memorysetup-temp-allocator-size-nav-mesh-worker=65536"
    "memorysetup-temp-allocator-size-audio-worker=65536"
    "memorysetup-temp-allocator-size-cloud-worker=32768"
    "memorysetup-temp-allocator-size-gi-baking-worker=262144"
    "memorysetup-temp-allocator-size-gfx=262144"
Refreshing native plugins compatible for Editor in 52.40 ms, found 3 plugins.
Preloading 0 native plugins for Editor in 0.00 ms.
Initialize engine version: 2021.3.6f1 (7da38d85baf6)
[Subsystems] Discovering subsystems at path D:/Program Files/Unity/Hub/Editor/2021.3.6f1/Editor/Data/Resources/UnitySubsystems
[Subsystems] Discovering subsystems at path D:/Proyectos/Depressive-Symptoms/Depressive Symptoms Game/Assets
GfxDevice: creating device client; threaded=0; jobified=0
Direct3D:
    Version:  Direct3D 11.0 [level 11.1]
    Renderer: NVIDIA GeForce RTX 3090 Ti (ID=0x2203)
    Vendor:   NVIDIA
    VRAM:     24336 MB
    Driver:   31.0.15.1694
Initialize mono
Mono path[0] = 'D:/Program Files/Unity/Hub/Editor/2021.3.6f1/Editor/Data/Managed'
Mono path[1] = 'D:/Program Files/Unity/Hub/Editor/2021.3.6f1/Editor/Data/MonoBleedingEdge/lib/mono/unityjit-win32'
Mono config path = 'D:/Program Files/Unity/Hub/Editor/2021.3.6f1/Editor/Data/MonoBleedingEdge/etc'
Using monoOptions --debugger-agent=transport=dt_socket,embedding=1,server=y,suspend=n,address=127.0.0.1:56972
Begin MonoManager ReloadAssembly
Registering precompiled unity dll's ...
Register platform support module: D:/Program Files/Unity/Hub/Editor/2021.3.6f1/Editor/Data/PlaybackEngines/WebGLSupport/UnityEditor.WebGL.Extensions.dll
Register platform support module: D:/Program Files/Unity/Hub/Editor/2021.3.6f1/Editor/Data/PlaybackEngines/WindowsStandaloneSupport/UnityEditor.WindowsStandalone.Extensions.dll
Registered in 0.004526 seconds.
Native extension for WindowsStandalone target not found
Native extension for WebGL target not found
Refreshing native plugins compatible for Editor in 43.64 ms, found 3 plugins.
Preloading 0 native plugins for Editor in 0.00 ms.
Mono: successfully reloaded assembly
- Completed reload, in  0.596 seconds
Domain Reload Profiling:
	ReloadAssembly (596ms)
		BeginReloadAssembly (75ms)
			ExecutionOrderSort (0ms)
			DisableScriptedObjects (0ms)
			BackupInstance (0ms)
			ReleaseScriptingObjects (0ms)
			CreateAndSetChildDomain (1ms)
		EndReloadAssembly (418ms)
			LoadAssemblies (74ms)
			RebuildTransferFunctionScriptingTraits (0ms)
			SetupTypeCache (106ms)
			ReleaseScriptCaches (0ms)
			RebuildScriptCaches (28ms)
			SetupLoadedEditorAssemblies (233ms)
				LogAssemblyErrors (0ms)
				InitializePlatformSupportModulesInManaged (8ms)
				SetLoadedEditorAssemblies (0ms)
				RefreshPlugins (44ms)
				BeforeProcessingInitializeOnLoad (1ms)
				ProcessInitializeOnLoadAttributes (130ms)
				ProcessInitializeOnLoadMethodAttributes (49ms)
				AfterProcessingInitializeOnLoad (0ms)
				EditorAssembliesLoaded (0ms)
			ExecutionOrderSort2 (0ms)
			AwakeInstancesAfterBackupRestoration (0ms)
Platform modules already initialized, skipping
Registering precompiled user dll's ...
Registered in 0.006194 seconds.
Begin MonoManager ReloadAssembly
Native extension for WindowsStandalone target not found
Native extension for WebGL target not found
Refreshing native plugins compatible for Editor in 43.83 ms, found 3 plugins.
Preloading 0 native plugins for Editor in 0.00 ms.
Mono: successfully reloaded assembly
- Completed reload, in  1.003 seconds
Domain Reload Profiling:
	ReloadAssembly (1004ms)
		BeginReloadAssembly (109ms)
			ExecutionOrderSort (0ms)
			DisableScriptedObjects (6ms)
			BackupInstance (0ms)
			ReleaseScriptingObjects (0ms)
			CreateAndSetChildDomain (17ms)
		EndReloadAssembly (780ms)
			LoadAssemblies (85ms)
			RebuildTransferFunctionScriptingTraits (0ms)
			SetupTypeCache (201ms)
			ReleaseScriptCaches (0ms)
			RebuildScriptCaches (54ms)
			SetupLoadedEditorAssemblies (394ms)
				LogAssemblyErrors (0ms)
				InitializePlatformSupportModulesInManaged (5ms)
				SetLoadedEditorAssemblies (0ms)
				RefreshPlugins (44ms)
				BeforeProcessingInitializeOnLoad (68ms)
				ProcessInitializeOnLoadAttributes (222ms)
				ProcessInitializeOnLoadMethodAttributes (51ms)
				AfterProcessingInitializeOnLoad (3ms)
				EditorAssembliesLoaded (0ms)
			ExecutionOrderSort2 (0ms)
			AwakeInstancesAfterBackupRestoration (7ms)
Platform modules already initialized, skipping
========================================================================
Worker process is ready to serve import requests
Launched and connected shader compiler UnityShaderCompiler.exe after 0.07 seconds
Refreshing native plugins compatible for Editor in 0.41 ms, found 3 plugins.
Preloading 0 native plugins for Editor in 0.00 ms.
Unloading 2564 Unused Serialized files (Serialized files now loaded: 0)
Unloading 32 unused Assets / (30.2 KB). Loaded Objects now: 3047.
Memory consumption went from 132.5 MB to 132.4 MB.
Total: 2.125000 ms (FindLiveObjects: 0.145000 ms CreateObjectMapping: 0.048300 ms MarkObjects: 1.900300 ms  DeleteObjects: 0.030400 ms)

AssetImportParameters requested are different than current active one (requested -> active):
  custom:video-decoder-ogg-theora: a1e56fd34408186e4bbccfd4996cb3dc -> 
  custom:container-muxer-webm: aa71ff27fc2769a1b78a27578f13a17b -> 
  custom:container-demuxer-webm: 4f35f7cbe854078d1ac9338744f61a02 -> 
  custom:video-encoder-webm-vp8: eb34c28f22e8b96e1ab97ce403110664 -> 
  custom:audio-encoder-webm-vorbis: bf7c407c2cedff20999df2af8eb42d56 -> 
  custom:framework-win-MediaFoundation: 216162199b28c13a410421893ffa2e32 -> 
  custom:container-demuxer-ogg: 62fdf1f143b41e24485cea50d1cbac27 -> 
  custom:video-decoder-webm-vp8: 9c59270c3fd7afecdb556c50c9e8de78 -> 
  custom:audio-decoder-ogg-vorbis: bf7c407c2cedff20999df2af8eb42d56 -> 
========================================================================
Received Import Request.
  Time since last request: 747971.525678 seconds.
  path: Assets/Sprites/Parque/nube lejana 1.png
  artifactKey: Guid(d45b42e2078a3cd4c945c2ee75c4d11f) Importer(815301076,1909f56bfc062723c751e8b465ee728b)
Start importing Assets/Sprites/Parque/nube lejana 1.png using Guid(d45b42e2078a3cd4c945c2ee75c4d11f) Importer(815301076,1909f56bfc062723c751e8b465ee728b)  -> (artifact id: '5de7ff53836520d07f7e4355614f2f0b') in 0.077411 seconds 
========================================================================
Received Import Request.
  Time since last request: 0.000017 seconds.
  path: Assets/Sprites/Parque/Parque-referente.jpg
  artifactKey: Guid(173d92595f100114f9860072be9da8d5) Importer(815301076,1909f56bfc062723c751e8b465ee728b)
Start importing Assets/Sprites/Parque/Parque-referente.jpg using Guid(173d92595f100114f9860072be9da8d5) Importer(815301076,1909f56bfc062723c751e8b465ee728b)  -> (artifact id: '5b678a131229729cd36f1f05464469a0') in 0.084008 seconds 
========================================================================
Received Import Request.
  Time since last request: 0.000032 seconds.
  path: Assets/Sprites/Parque/nube lejana 2.png
  artifactKey: Guid(a15c2c7768e0dc5468805aef4cb337b0) Importer(815301076,1909f56bfc062723c751e8b465ee728b)
Start importing Assets/Sprites/Parque/nube lejana 2.png using Guid(a15c2c7768e0dc5468805aef4cb337b0) Importer(815301076,1909f56bfc062723c751e8b465ee728b)  -> (artifact id: '1be9f7a214b564de4555765c8b16e71e') in 0.014397 seconds 
========================================================================
Received Import Request.
  Time since last request: 0.000023 seconds.
  path: Assets/Sprites/Parque/Puerta baño 1.png
  artifactKey: Guid(5bb3a497ee94d35428e2a1d290f93aca) Importer(815301076,1909f56bfc062723c751e8b465ee728b)
Start importing Assets/Sprites/Parque/Puerta baño 1.png using Guid(5bb3a497ee94d35428e2a1d290f93aca) Importer(815301076,1909f56bfc062723c751e8b465ee728b)  -> (artifact id: '22f905b0fc46357b66229cdf2fd3b4de') in 0.029092 seconds 
========================================================================
Received Import Request.
  Time since last request: 0.000033 seconds.
  path: Assets/Sprites/Parque/Puerta parque.png
  artifactKey: Guid(6103733aec3c2f444bbd5d5c8e064fea) Importer(815301076,1909f56bfc062723c751e8b465ee728b)
Start importing Assets/Sprites/Parque/Puerta parque.png using Guid(6103733aec3c2f444bbd5d5c8e064fea) Importer(815301076,1909f56bfc062723c751e8b465ee728b)  -> (artifact id: '5495d52d84e34911e728ac3633d896b2') in 0.034294 seconds 
========================================================================
Received Import Request.
  Time since last request: 0.104009 seconds.
  path: Assets/Sprites/Parque/Baño/lavado.png
  artifactKey: Guid(90b6e4f4ff02bca4f8e32c5a24846d6f) Importer(815301076,1909f56bfc062723c751e8b465ee728b)
Start importing Assets/Sprites/Parque/Baño/lavado.png using Guid(90b6e4f4ff02bca4f8e32c5a24846d6f) Importer(815301076,1909f56bfc062723c751e8b465ee728b)  -> (artifact id: '91862f545b9336e435ad6f03a51746f5') in 0.020464 seconds 
========================================================================
Received Import Request.
  Time since last request: 0.000026 seconds.
  path: Assets/Sprites/Parque/Baño/Sombra baño.png
  artifactKey: Guid(e4307acbbbdbe124e8a3180f2c1a08c0) Importer(815301076,1909f56bfc062723c751e8b465ee728b)
Start importing Assets/Sprites/Parque/Baño/Sombra baño.png using Guid(e4307acbbbdbe124e8a3180f2c1a08c0) Importer(815301076,1909f56bfc062723c751e8b465ee728b)  -> (artifact id: 'e375ebc830727a09a04c1f41781c4e79') in 0.050231 seconds 
========================================================================
Received Import Request.
  Time since last request: 4.821845 seconds.
  path: Assets/Sprites/Oficina/dis´pensador de agua.png
  artifactKey: Guid(1d9d0834711e6814f80765ebc9c4623d) Importer(815301076,1909f56bfc062723c751e8b465ee728b)
Start importing Assets/Sprites/Oficina/dis´pensador de agua.png using Guid(1d9d0834711e6814f80765ebc9c4623d) Importer(815301076,1909f56bfc062723c751e8b465ee728b)  -> (artifact id: '25685811fabdca1e751f4c7138db5f61') in 0.020806 seconds 
========================================================================
Received Import Request.
  Time since last request: 0.000025 seconds.
  path: Assets/Sprites/Oficina/puerta salida.png
  artifactKey: Guid(37bdc8d89ac0e0f478d2496aef2d832a) Importer(815301076,1909f56bfc062723c751e8b465ee728b)
Start importing Assets/Sprites/Oficina/puerta salida.png using Guid(37bdc8d89ac0e0f478d2496aef2d832a) Importer(815301076,1909f56bfc062723c751e8b465ee728b)  -> (artifact id: '8c784a3d4378836e20e4f356937df99a') in 0.058733 seconds 
========================================================================
Received Import Request.
  Time since last request: 0.000027 seconds.
  path: Assets/Sprites/Oficina/mesa de centro.png
  artifactKey: Guid(b8ffa48b63f377d4db04ac7a6944cca5) Importer(815301076,1909f56bfc062723c751e8b465ee728b)
Start importing Assets/Sprites/Oficina/mesa de centro.png using Guid(b8ffa48b63f377d4db04ac7a6944cca5) Importer(815301076,1909f56bfc062723c751e8b465ee728b)  -> (artifact id: '2f466f5e20e6e7cfbd970f9a4fcbb03e') in 0.040869 seconds 
========================================================================
Received Import Request.
  Time since last request: 0.000024 seconds.
  path: Assets/Sprites/Oficina/planta 2.png
  artifactKey: Guid(874b518ca9cdf4d41ba8b83cf37128c5) Importer(815301076,1909f56bfc062723c751e8b465ee728b)
Start importing Assets/Sprites/Oficina/planta 2.png using Guid(874b518ca9cdf4d41ba8b83cf37128c5) Importer(815301076,1909f56bfc062723c751e8b465ee728b)  -> (artifact id: 'def8ab3f7503747a754f222857adf6d0') in 0.033482 seconds 
========================================================================
Received Import Request.
  Time since last request: 0.917362 seconds.
  path: Assets/Sprites/Oficina/Baño/fondo base baño.png
  artifactKey: Guid(af1ec9776680f4c408c9c8f339b5b7f9) Importer(815301076,1909f56bfc062723c751e8b465ee728b)
Start importing Assets/Sprites/Oficina/Baño/fondo base baño.png using Guid(af1ec9776680f4c408c9c8f339b5b7f9) Importer(815301076,1909f56bfc062723c751e8b465ee728b)  -> (artifact id: '0bdf68648f6db54ef1c28f33ce03edab') in 0.131304 seconds 
========================================================================
Received Import Request.
  Time since last request: 2.599918 seconds.
  path: Assets/Sprites/Discoteca/cerveza.png
  artifactKey: Guid(bf65bfd0b4d614c4dbc39dfb8024da8c) Importer(815301076,1909f56bfc062723c751e8b465ee728b)
Start importing Assets/Sprites/Discoteca/cerveza.png using Guid(bf65bfd0b4d614c4dbc39dfb8024da8c) Importer(815301076,1909f56bfc062723c751e8b465ee728b)  -> (artifact id: '6b1c85593fc7bf1060caae6fec0bd26c') in 0.018399 seconds 
========================================================================
Received Import Request.
  Time since last request: 0.000023 seconds.
  path: Assets/Sprites/Discoteca/mesa.png
  artifactKey: Guid(b66be2498c31a1740889fbb31c4be869) Importer(815301076,1909f56bfc062723c751e8b465ee728b)
Start importing Assets/Sprites/Discoteca/mesa.png using Guid(b66be2498c31a1740889fbb31c4be869) Importer(815301076,1909f56bfc062723c751e8b465ee728b)  -> (artifact id: '02e3f29ccce65a3682b26507c4635e00') in 0.043935 seconds 
========================================================================
Received Import Request.
  Time since last request: 0.000028 seconds.
  path: Assets/Sprites/Discoteca/discoteca.jpg
  artifactKey: Guid(be1bf53e818de8f40821d1cbb13933b7) Importer(815301076,1909f56bfc062723c751e8b465ee728b)
Start importing Assets/Sprites/Discoteca/discoteca.jpg using Guid(be1bf53e818de8f40821d1cbb13933b7) Importer(815301076,1909f56bfc062723c751e8b465ee728b)  -> (artifact id: 'fabadc63017b228fb084e1409d17f0d8') in 0.085374 seconds 
========================================================================
Received Import Request.
  Time since last request: 1.622363 seconds.
  path: Assets/Sprites/Discoteca/Baño/jabon.png
  artifactKey: Guid(65623ab7793d781489e7a0ad8802e08d) Importer(815301076,1909f56bfc062723c751e8b465ee728b)
Start importing Assets/Sprites/Discoteca/Baño/jabon.png using Guid(65623ab7793d781489e7a0ad8802e08d) Importer(815301076,1909f56bfc062723c751e8b465ee728b)  -> (artifact id: '51188d3e7ed0fd3eade022e51febcf16') in 0.019672 seconds 
========================================================================
Received Import Request.
  Time since last request: 0.000020 seconds.
  path: Assets/Sprites/Discoteca/Baño/lavado.png
  artifactKey: Guid(ad383a49d507c3a4aabcfc352a411c70) Importer(815301076,1909f56bfc062723c751e8b465ee728b)
Start importing Assets/Sprites/Discoteca/Baño/lavado.png using Guid(ad383a49d507c3a4aabcfc352a411c70) Importer(815301076,1909f56bfc062723c751e8b465ee728b)  -> (artifact id: '6177b504b74360f88c23e35295947e1a') in 0.022500 seconds 
